\BOOKMARK [1][-]{Doc-Start}{Dedication}{}% 1
\BOOKMARK [0][-]{chapter.1}{IAF\040Introduction}{}% 2
\BOOKMARK [1][-]{section.1.1}{Neural\040Networks\040and\040Deep\040Learning}{chapter.1}% 3
\BOOKMARK [1][-]{section.1.2}{A\040principle-oriented\040approach}{chapter.1}% 4
\BOOKMARK [1][-]{section.1.3}{A\040hands-on\040approach}{chapter.1}% 5
\BOOKMARK [0][-]{chapter.2}{IAF\040Using\040neural\040nets\040to\040recognize\040handwritten\040digits}{}% 6
\BOOKMARK [1][-]{section.2.1}{Perceptrons}{chapter.2}% 7
\BOOKMARK [1][-]{section.2.2}{Sigmoid\040neurons}{chapter.2}% 8
\BOOKMARK [2][-]{subsection.2.2.1}{Exercise}{section.2.2}% 9
\BOOKMARK [1][-]{section.2.3}{The\040architecture\040of\040neural\040networks}{chapter.2}% 10
\BOOKMARK [1][-]{section.2.4}{A\040simple\040network\040to\040classify\040handwritten\040digits}{chapter.2}% 11
\BOOKMARK [2][-]{subsection.2.4.1}{Exercise}{section.2.4}% 12
\BOOKMARK [1][-]{section.2.5}{Learning\040with\040gradient\040descent}{chapter.2}% 13
\BOOKMARK [2][-]{subsection.2.5.1}{Exercise}{section.2.5}% 14
\BOOKMARK [2][-]{subsection.2.5.2}{Exercise}{section.2.5}% 15
\BOOKMARK [1][-]{section.2.6}{Implementing\040our\040network\040to\040classify\040digits}{chapter.2}% 16
\BOOKMARK [2][-]{subsection.2.6.1}{Exercise}{section.2.6}% 17
\BOOKMARK [2][-]{subsection.2.6.2}{Exercise}{section.2.6}% 18
\BOOKMARK [1][-]{section.2.7}{Towards\040deep\040learning}{chapter.2}% 19
\BOOKMARK [0][-]{chapter.3}{IAF\040How\040the\040backpropagation\040algorithm\040works}{}% 20
\BOOKMARK [0][-]{chapter.4}{IAF\040Improving\040the\040way\040neural\040networks\040learn}{}% 21
\BOOKMARK [0][-]{chapter.5}{IAF\040A\040visual\040proof\040that\040neural\040nets\040can\040compute\040any\040function}{}% 22
\BOOKMARK [0][-]{chapter.6}{IAF\040Why\040are\040deep\040neural\040networks\040hard\040to\040train?}{}% 23
\BOOKMARK [0][-]{chapter.7}{IAF\040Deep\040learning}{}% 24
\BOOKMARK [0][-]{chapter.8}{IAF\040Appendices}{}% 25
\BOOKMARK [1][-]{section.8.1}{IAF\040Appendix-A:\040Is\040there\040a\040simple\040algorithm\040for\040intelligence?}{chapter.8}% 26
\BOOKMARK [1][-]{section.8.2}{IAF\040Appendix-B:\040Acknowledgements}{chapter.8}% 27
\BOOKMARK [1][-]{section.8.3}{IAF\040Appendix-C:\040FAQs}{chapter.8}% 28
\BOOKMARK [0][-]{chapter.9}{IAF\040Bibliography}{}% 29
