This is XeTeX, Version 3.1415926-2.5-0.9999.3 (MiKTeX 2.9 64-bit) (preloaded format=xelatex 2015.4.8)  11 JUL 2016 12:05
entering extended mode
**ClassicLectureNotes.tex

(Y:\khemant\Documents\DeepLearning\DeepLearningBook\ClassicNotes\ClassicLecture
Notes.tex
LaTeX2e <2011/06/27>
Babel <v3.8m> and hyphenation patterns for english, afrikaans, ancientgreek, ar
abic, armenian, assamese, basque, bengali, bokmal, bulgarian, catalan, coptic, 
croatian, czech, danish, dutch, esperanto, estonian, farsi, finnish, french, ga
lician, german, german-x-2013-05-26, greek, gujarati, hindi, hungarian, iceland
ic, indonesian, interlingua, irish, italian, kannada, kurmanji, latin, latvian,
 lithuanian, malayalam, marathi, mongolian, mongolianlmc, monogreek, ngerman, n
german-x-2013-05-26, nynorsk, oriya, panjabi, pinyin, polish, portuguese, roman
ian, russian, sanskrit, serbian, slovak, slovenian, spanish, swedish, swissgerm
an, tamil, telugu, turkish, turkmen, ukenglish, ukrainian, uppersorbian, usengl
ishmax, welsh, loaded.
(C:\,\tex\latex\base\report.cls
Document Class: report 2007/10/19 v1.4h Standard LaTeX document class
(C:\,\tex\latex\base\size12.clo
File: size12.clo 2007/10/19 v1.4h Standard LaTeX file (size option)
)
\c@part=\count80
\c@chapter=\count81
\c@section=\count82
\c@subsection=\count83
\c@subsubsection=\count84
\c@paragraph=\count85
\c@subparagraph=\count86
\c@figure=\count87
\c@table=\count88
\abovecaptionskip=\skip41
\belowcaptionskip=\skip42
\bibindent=\dimen102
) (C:\,\tex\latex\amsmath\amsmath.sty
Package: amsmath 2013/01/14 v2.14 AMS math features
\@mathmargin=\skip43

For additional information on amsmath, use the `?' option.
(C:\,\tex\latex\amsmath\amstext.sty
Package: amstext 2000/06/29 v2.01
 (C:\,\tex\latex\amsmath\amsgen.sty
File: amsgen.sty 1999/11/30 v2.0
\@emptytoks=\toks14
\ex@=\dimen103
))
(C:\,\tex\latex\amsmath\amsbsy.sty
Package: amsbsy 1999/11/29 v1.2d
\pmbraise@=\dimen104
) (C:\,\tex\latex\amsmath\amsopn.sty
Package: amsopn 1999/12/14 v2.01 operator names
)
\inf@bad=\count89
LaTeX Info: Redefining \frac on input line 210.
\uproot@=\count90
\leftroot@=\count91
LaTeX Info: Redefining \overline on input line 306.
\classnum@=\count92
\DOTSCASE@=\count93
LaTeX Info: Redefining \ldots on input line 378.
LaTeX Info: Redefining \dots on input line 381.
LaTeX Info: Redefining \cdots on input line 466.
\Mathstrutbox@=\box26
\strutbox@=\box27
\big@size=\dimen105
LaTeX Font Info:    Redeclaring font encoding OML on input line 566.
LaTeX Font Info:    Redeclaring font encoding OMS on input line 567.
\macc@depth=\count94
\c@MaxMatrixCols=\count95
\dotsspace@=\muskip10
\c@parentequation=\count96
\dspbrk@lvl=\count97
\tag@help=\toks15
\row@=\count98
\column@=\count99
\maxfields@=\count100
\andhelp@=\toks16
\eqnshift@=\dimen106
\alignsep@=\dimen107
\tagshift@=\dimen108
\tagwidth@=\dimen109
\totwidth@=\dimen110
\lineht@=\dimen111
\@envbody=\toks17
\multlinegap=\skip44
\multlinetaggap=\skip45
\mathdisplay@stack=\toks18
LaTeX Info: Redefining \[ on input line 2665.
LaTeX Info: Redefining \] on input line 2666.
)
(C:\,\tex\latex\lineno\lineno.sty
Package: lineno 2005/11/02 line numbers on paragraphs v4.41
Invalid UTF-8 byte or sequence at line 296 replaced by U+FFFD.
\linenopenalty=\count101
\output=\toks19
\linenoprevgraf=\count102
\linenumbersep=\dimen112
\linenumberwidth=\dimen113
\c@linenumber=\count103
\c@pagewiselinenumber=\count104
\c@LN@truepage=\count105
\c@internallinenumber=\count106
\c@internallinenumbers=\count107
\quotelinenumbersep=\dimen114
\bframerule=\dimen115
\bframesep=\dimen116
\bframebox=\box28
LaTeX Info: Redefining \\ on input line 3056.
) (C:\,\tex\generic\babel\babel.sty
Package: babel 2008/07/08 v3.8m The Babel package

*************************************
* Local config file bblopts.cfg used
*
(C:\,\tex\latex\00miktex\bblopts.cfg
File: bblopts.cfg 2006/07/31 v1.0 MiKTeX 'babel' configuration
) (C:\,\tex\latex\babel-english\english.ldf
Language: english 2012/08/20 v3.3p English support from the babel system
(C:\,\tex\generic\babel\babel.def
File: babel.def 2008/07/08 v3.8m Babel common definitions
\babel@savecnt=\count108
\U@D=\dimen117
)
\l@canadian = a dialect from \language\l@american 
\l@australian = a dialect from \language\l@british 
\l@newzealand = a dialect from \language\l@british 
))
(Y:\khemant\Documents\DeepLearning\DeepLearningBook\ClassicNotes\appendix.sty
Package: appendix 2002/08/06 v1.2 extra appendix facilities
\c@@pps=\count109
\c@@ppsavesec=\count110
\c@@ppsaveapp=\count111
)
(C:\,\tex\latex\hyperref\hyperref.sty
Package: hyperref 2012/11/06 v6.83m Hypertext links for LaTeX

(C:\,\tex\generic\oberdiek\hobsub-hyperref.sty
Package: hobsub-hyperref 2012/04/25 v1.12 Bundle oberdiek, subset hyperref (HO)


(C:\,\tex\generic\oberdiek\hobsub-generic.sty
Package: hobsub-generic 2012/04/25 v1.12 Bundle oberdiek, subset generic (HO)
Package: hobsub 2012/04/25 v1.12 Construct package bundles (HO)
Package: infwarerr 2010/04/08 v1.3 Providing info/warning/error messages (HO)
Package: ltxcmds 2011/11/09 v1.22 LaTeX kernel commands for general use (HO)
Package: ifluatex 2010/03/01 v1.3 Provides the ifluatex switch (HO)
Package ifluatex Info: LuaTeX not detected.
Package: ifvtex 2010/03/01 v1.5 Detect VTeX and its facilities (HO)
Package ifvtex Info: VTeX not detected.
Package: intcalc 2007/09/27 v1.1 Expandable calculations with integers (HO)
Package: ifpdf 2011/01/30 v2.3 Provides the ifpdf switch (HO)
Package ifpdf Info: pdfTeX in PDF mode is not detected.
Package: etexcmds 2011/02/16 v1.5 Avoid name clashes with e-TeX commands (HO)
Package etexcmds Info: Could not find \expanded.
(etexcmds)             That can mean that you are not using pdfTeX 1.50 or
(etexcmds)             that some package has redefined \expanded.
(etexcmds)             In the latter case, load this package earlier.
Package: kvsetkeys 2012/04/25 v1.16 Key value parser (HO)
Package: kvdefinekeys 2011/04/07 v1.3 Define keys (HO)
Package: pdftexcmds 2011/11/29 v0.20 Utility functions of pdfTeX for LuaTeX (HO
)
Package pdftexcmds Info: LuaTeX not detected.
Package pdftexcmds Info: pdfTeX >= 1.30 not detected.
Package pdftexcmds Info: \pdf@primitive is available.
Package pdftexcmds Info: \pdf@ifprimitive is available.
Package pdftexcmds Info: \pdfdraftmode not found.
Package: pdfescape 2011/11/25 v1.13 Implements pdfTeX's escape features (HO)
Package: bigintcalc 2012/04/08 v1.3 Expandable calculations on big integers (HO
)
Package: bitset 2011/01/30 v1.1 Handle bit-vector datatype (HO)
Package: uniquecounter 2011/01/30 v1.2 Provide unlimited unique counter (HO)
)
Package hobsub Info: Skipping package `hobsub' (already loaded).
Package: letltxmacro 2010/09/02 v1.4 Let assignment for LaTeX macros (HO)
Package: hopatch 2011/06/24 v1.1 Wrapper for package hooks (HO)
Package: xcolor-patch 2011/01/30 xcolor patch
Package: atveryend 2011/06/30 v1.8 Hooks at the very end of document (HO)
Package atveryend Info: \enddocument detected (standard20110627).
Package: atbegshi 2011/10/05 v1.16 At begin shipout hook (HO)
Package: refcount 2011/10/16 v3.4 Data extraction from label references (HO)
Package: hycolor 2011/01/30 v1.7 Color options for hyperref/bookmark (HO)
)
(C:\,\tex\latex\graphics\keyval.sty
Package: keyval 1999/03/16 v1.13 key=value parser (DPC)
\KV@toks@=\toks20
) (C:\,\tex\generic\ifxetex\ifxetex.sty
Package: ifxetex 2010/09/12 v0.6 Provides ifxetex conditional
)
(C:\,\tex\latex\oberdiek\auxhook.sty
Package: auxhook 2011/03/04 v1.3 Hooks for auxiliary files (HO)
) (C:\,\tex\latex\oberdiek\kvoptions.sty
Package: kvoptions 2011/06/30 v3.11 Key value format for package options (HO)
)
\@linkdim=\dimen118
\Hy@linkcounter=\count112
\Hy@pagecounter=\count113

(C:\,\tex\latex\hyperref\pd1enc.def
File: pd1enc.def 2012/11/06 v6.83m Hyperref: PDFDocEncoding definition (HO)
)
\Hy@SavedSpaceFactor=\count114
 (C:\,\tex\latex\00miktex\hyperref.cfg
File: hyperref.cfg 2002/06/06 v1.2 hyperref configuration of TeXLive
)
Package hyperref Info: Hyper figures OFF on input line 4443.
Package hyperref Info: Link nesting OFF on input line 4448.
Package hyperref Info: Hyper index ON on input line 4451.
Package hyperref Info: Plain pages OFF on input line 4458.
Package hyperref Info: Backreferencing OFF on input line 4463.
Package hyperref Info: Implicit mode ON; LaTeX internals redefined.
Package hyperref Info: Bookmarks ON on input line 4688.
\c@Hy@tempcnt=\count115

(C:\,\tex\latex\url\url.sty
\Urlmuskip=\muskip11
Package: url 2013/09/16  ver 3.4  Verb mode for urls, etc.
)
LaTeX Info: Redefining \url on input line 5041.
\XeTeXLinkMargin=\dimen119
\Fld@menulength=\count116
\Field@Width=\dimen120
\Fld@charsize=\dimen121
Package hyperref Info: Hyper figures OFF on input line 6295.
Package hyperref Info: Link nesting OFF on input line 6300.
Package hyperref Info: Hyper index ON on input line 6303.
Package hyperref Info: backreferencing OFF on input line 6310.
Package hyperref Info: Link coloring OFF on input line 6315.
Package hyperref Info: Link coloring with OCG OFF on input line 6320.
Package hyperref Info: PDF/A mode OFF on input line 6325.
LaTeX Info: Redefining \ref on input line 6365.
LaTeX Info: Redefining \pageref on input line 6369.
\Hy@abspage=\count117
\c@Item=\count118
\c@Hfootnote=\count119
)

Package hyperref Message: Driver (autodetected): hxetex.

(C:\,\tex\latex\hyperref\hxetex.def
File: hxetex.def 2012/11/06 v6.83m Hyperref driver for XeTeX
 (C:\,\tex\latex\hyperref\puenc.def
File: puenc.def 2012/11/06 v6.83m Hyperref: PDF Unicode definition (HO)
)
(C:\,\tex\generic\oberdiek\stringenc.sty
Package: stringenc 2011/12/02 v1.10 Convert strings between diff. encodings (HO
)
)
\pdfm@box=\box29
\c@Hy@AnnotLevel=\count120
\HyField@AnnotCount=\count121
\Fld@listcount=\count122
\c@bookmark@seq@number=\count123

(C:\,\tex\latex\oberdiek\rerunfilecheck.sty
Package: rerunfilecheck 2011/04/15 v1.7 Rerun checks for auxiliary files (HO)
Package rerunfilecheck Info: Feature \pdfmdfivesum is not available
(rerunfilecheck)             (e.g. pdfTeX or LuaTeX with package `pdftexcmds').

(rerunfilecheck)             Therefore file contents cannot be checked efficien
tly
(rerunfilecheck)             and the loading of the package is aborted.
)
\Hy@SectionHShift=\skip46
)
Package hyperref Info: Option `colorlinks' set `true' on input line 41.

(C:\,\tex\latex\fontspec\fontspec.sty
Package: fontspec 2013/05/20 v2.3c Font selection for XeLaTeX and LuaLaTeX
 (C:\,\tex\latex\l3kernel\expl3.sty
Package: expl3 2015/03/01 v5547 L3 programming layer (loader) 

(C:\,\tex\latex\l3kernel\expl3-code.tex
Package: expl3 2015/03/01 v5547 L3 programming layer (code) 
L3 Module: l3bootstrap 2015/02/28 v5542 L3 Bootstrap code
 (C:\,\tex\latex\misc\etex.sty
Package: etex 1998/03/26 v2.0 eTeX basic definition package (PEB)
\et@xins=\count124
)
L3 Module: l3names 2015/02/24 v5535 L3 Namespace for primitives
L3 Module: l3basics 2015/01/27 v5500 L3 Basic definitions
L3 Module: l3expan 2014/11/27 v5472 L3 Argument expansion
L3 Module: l3tl 2015/01/27 v5500 L3 Token lists
L3 Module: l3str 2015/03/01 v5545 L3 Strings
L3 Module: l3seq 2014/08/23 v5354 L3 Sequences and stacks
L3 Module: l3int 2015/02/21 v5529 L3 Integers
\c_max_int=\count125
\l_tmpa_int=\count126
\l_tmpb_int=\count127
\g_tmpa_int=\count128
\g_tmpb_int=\count129
L3 Module: l3quark 2014/08/23 v5354 L3 Quarks
L3 Module: l3prg 2014/08/23 v5354 L3 Control structures
\g__prg_map_int=\count130
L3 Module: l3clist 2014/08/23 v5354 L3 Comma separated lists
L3 Module: l3token 2014/09/15 v5422 L3 Experimental token manipulation
L3 Module: l3prop 2014/08/23 v5354 L3 Property lists
L3 Module: l3msg 2015/02/26 v5537 L3 Messages
L3 Module: l3file 2014/08/24 v5369 L3 File and I/O operations
\l_iow_line_count_int=\count131
\l__iow_target_count_int=\count132
\l__iow_current_line_int=\count133
\l__iow_current_word_int=\count134
\l__iow_current_indentation_int=\count135
L3 Module: l3skip 2014/08/23 v5354 L3 Dimensions and skips
\c_zero_dim=\dimen122
\c_max_dim=\dimen123
\l_tmpa_dim=\dimen124
\l_tmpb_dim=\dimen125
\g_tmpa_dim=\dimen126
\g_tmpb_dim=\dimen127
\c_zero_skip=\skip47
\c_max_skip=\skip48
\l_tmpa_skip=\skip49
\l_tmpb_skip=\skip50
\g_tmpa_skip=\skip51
\g_tmpb_skip=\skip52
\c_zero_muskip=\muskip12
\c_max_muskip=\muskip13
\l_tmpa_muskip=\muskip14
\l_tmpb_muskip=\muskip15
\g_tmpa_muskip=\muskip16
\g_tmpb_muskip=\muskip17
L3 Module: l3keys 2015/01/27 v5500 L3 Key-value interfaces
\g__keyval_level_int=\count136
\l_keys_choice_int=\count137
L3 Module: l3fp 2014/08/22 v5336 L3 Floating points
\c__fp_leading_shift_int=\count138
\c__fp_middle_shift_int=\count139
\c__fp_trailing_shift_int=\count140
\c__fp_big_leading_shift_int=\count141
\c__fp_big_middle_shift_int=\count142
\c__fp_big_trailing_shift_int=\count143
\c__fp_Bigg_leading_shift_int=\count144
\c__fp_Bigg_middle_shift_int=\count145
\c__fp_Bigg_trailing_shift_int=\count146
L3 Module: l3box 2014/08/23 v5354 L3 Experimental boxes
\c_empty_box=\box30
\l_tmpa_box=\box31
\l_tmpb_box=\box32
\g_tmpa_box=\box33
\g_tmpb_box=\box34
L3 Module: l3coffins 2014/08/23 v5354 L3 Coffin code layer
\l__coffin_internal_box=\box35
\l__coffin_internal_dim=\dimen128
\l__coffin_offset_x_dim=\dimen129
\l__coffin_offset_y_dim=\dimen130
\l__coffin_x_dim=\dimen131
\l__coffin_y_dim=\dimen132
\l__coffin_x_prime_dim=\dimen133
\l__coffin_y_prime_dim=\dimen134
\c_empty_coffin=\box36
\l__coffin_aligned_coffin=\box37
\l__coffin_aligned_internal_coffin=\box38
\l_tmpa_coffin=\box39
\l_tmpb_coffin=\box40
\l__coffin_display_coffin=\box41
\l__coffin_display_coord_coffin=\box42
\l__coffin_display_pole_coffin=\box43
\l__coffin_display_offset_dim=\dimen135
\l__coffin_display_x_dim=\dimen136
\l__coffin_display_y_dim=\dimen137
L3 Module: l3color 2014/08/23 v5354 L3 Experimental color support
L3 Module: l3candidates 2015/03/01 v5544 L3 Experimental additions to l3kernel
\l__box_top_dim=\dimen138
\l__box_bottom_dim=\dimen139
\l__box_left_dim=\dimen140
\l__box_right_dim=\dimen141
\l__box_top_new_dim=\dimen142
\l__box_bottom_new_dim=\dimen143
\l__box_left_new_dim=\dimen144
\l__box_right_new_dim=\dimen145
\l__box_internal_box=\box44
\l__coffin_bounding_shift_dim=\dimen146
\l__coffin_left_corner_dim=\dimen147
\l__coffin_right_corner_dim=\dimen148
\l__coffin_bottom_corner_dim=\dimen149
\l__coffin_top_corner_dim=\dimen150
\l__coffin_scaled_total_height_dim=\dimen151
\l__coffin_scaled_width_dim=\dimen152
)
(C:\,\tex\latex\l3kernel\l3unicode-data.def
File: l3unicode-data.def 2015/03/01 v5544 L3 Unicode data
)
(C:\,\tex\latex\l3kernel\l3xdvipdfmx.def
File: l3xdvidpfmx.def 2015/03/01 v5544 L3 Experimental driver: xdvipdfmx
))
(C:\,\tex\latex\l3packages\xparse\xparse.sty
Package: xparse 2014/11/25 v5471 L3 Experimental document command parser
\l__xparse_current_arg_int=\count147
\l__xparse_m_args_int=\count148
\l__xparse_mandatory_args_int=\count149
\l__xparse_processor_int=\count150
\l__xparse_v_nesting_int=\count151
)
\l_fontspec_script_int=\count152
\l_fontspec_language_int=\count153
\l_fontspec_strnum_int=\count154
\l_fontspec_tmpa_dim=\dimen153
\l_fontspec_tmpb_dim=\dimen154
\l_fontspec_tmpc_dim=\dimen155
Variant \tl_gset:cV already defined; not changing it on line 69

(C:\,\tex\latex\fontspec\fontspec-patches.sty
Package: fontspec-patches 2013/05/20 v2.3c Font selection for XeLaTeX and LuaLa
TeX
 (C:\,\tex\latex\base\fixltx2e.sty
Package: fixltx2e 2006/09/13 v1.1m fixes to LaTeX
LaTeX Info: Redefining \em on input line 420.
LaTeX Info: The control sequence `\[' is already robust on input line 471.
LaTeX Info: The control sequence `\]' is already robust on input line 472.
)
LaTeX Info: Redefining \em on input line 22.
LaTeX Info: Redefining \emph on input line 30.
LaTeX Info: Redefining \- on input line 33.
.................................................
. LaTeX info: "xparse/redefine-command"
. 
. Redefining command \oldstylenums with sig. 'm' on line 128.
.................................................
.................................................
. LaTeX info: "xparse/define-command"
. 
. Defining command \liningnums with sig. 'm' on line 132.
.................................................
) (C:\,\tex\latex\fontspec\fontspec-xetex.sty
Package: fontspec-xetex 2013/05/20 v2.3c Font selection for XeLaTeX and LuaLaTe
X
 (C:\,\tex\latex\base\fontenc.sty
Package: fontenc 2005/09/27 v1.99g Standard LaTeX package
(C:\,\tex\latex\euenc\eu1enc.def
File: eu1enc.def 2010/05/27 v0.1h Experimental Unicode font encodings
)
LaTeX Font Info:    Try loading font information for EU1+lmr on input line 100.

 (C:\,\tex\latex\euenc\eu1lmr.fd
File: eu1lmr.fd 2009/10/30 v1.6 Font defs for Latin Modern
))
(C:\,\tex\xelatex\xunicode\xunicode.sty
File: xunicode.sty 2011/09/09 v0.981 provides access to latin accents and many 
other characters in Unicode lower plane
 (C:\,\tex\latex\tipa\t3enc.def
File: t3enc.def 2001/12/31 T3 encoding
LaTeX Font Info:    Try loading font information for EU1+lmss on input line 357
.

(C:\,\tex\latex\euenc\eu1lmss.fd
File: eu1lmss.fd 2009/10/30 v1.6 Font defs for Latin Modern
))
\tipaTiiicode=\count155
\tipasavetokens=\toks21
\tipachecktokens=\toks22
 (C:\,\tex\latex\graphics\graphicx.sty
Package: graphicx 1999/02/16 v1.0f Enhanced LaTeX Graphics (DPC,SPQR)

(C:\,\tex\latex\graphics\graphics.sty
Package: graphics 2009/02/05 v1.0o Standard LaTeX Graphics (DPC,SPQR)
 (C:\,\tex\latex\graphics\trig.sty
Package: trig 1999/03/16 v1.09 sin cos tan (DPC)
)
(C:\,\tex\latex\00miktex\graphics.cfg
File: graphics.cfg 2007/01/18 v1.5 graphics configuration of teTeX/TeXLive
)
Package graphics Info: Driver file: xetex.def on input line 91.
 (C:\,\tex\xelatex\xetex-def\xetex.def
File: xetex.def 2014/07/25 v4.03 LaTeX color/graphics driver for XeTeX (RRM/JK)

))
\Gin@req@height=\dimen156
\Gin@req@width=\dimen157
))
.................................................
. LaTeX info: "xparse/define-command"
. 
. Defining command \fontspec with sig. 'O{}m' on line 41.
.................................................
.................................................
. LaTeX info: "xparse/define-command"
. 
. Defining command \setmainfont with sig. 'O{}m' on line 46.
.................................................
.................................................
. LaTeX info: "xparse/define-command"
. 
. Defining command \setsansfont with sig. 'O{}m' on line 51.
.................................................
.................................................
. LaTeX info: "xparse/define-command"
. 
. Defining command \setmonofont with sig. 'O{}m' on line 56.
.................................................
.................................................
. LaTeX info: "xparse/define-command"
. 
. Defining command \setmathrm with sig. 'O{}m' on line 65.
.................................................
.................................................
. LaTeX info: "xparse/define-command"
. 
. Defining command \setboldmathrm with sig. 'O{}m' on line 69.
.................................................
.................................................
. LaTeX info: "xparse/define-command"
. 
. Defining command \setmathsf with sig. 'O{}m' on line 73.
.................................................
.................................................
. LaTeX info: "xparse/define-command"
. 
. Defining command \setmathtt with sig. 'O{}m' on line 77.
.................................................
.................................................
. LaTeX info: "xparse/define-command"
. 
. Defining command \newfontfamily with sig. 'mO{}m' on line 96.
.................................................
.................................................
. LaTeX info: "xparse/define-command"
. 
. Defining command \newfontface with sig. 'mO{}m' on line 100.
.................................................
.................................................
. LaTeX info: "xparse/define-command"
. 
. Defining command \defaultfontfeatures with sig. 'om' on line 108.
.................................................
.................................................
. LaTeX info: "xparse/define-command"
. 
. Defining command \addfontfeatures with sig. 'm' on line 144.
.................................................
.................................................
. LaTeX info: "xparse/define-command"
. 
. Defining command \newfontfeature with sig. 'mm' on line 156.
.................................................
.................................................
. LaTeX info: "xparse/define-command"
. 
. Defining command \newAATfeature with sig. 'mmmm' on line 164.
.................................................
.................................................
. LaTeX info: "xparse/define-command"
. 
. Defining command \newICUfeature with sig. 'mmm' on line 172.
.................................................
.................................................
. LaTeX info: "xparse/define-command"
. 
. Defining command \aliasfontfeature with sig. 'mm' on line 201.
.................................................
.................................................
. LaTeX info: "xparse/define-command"
. 
. Defining command \aliasfontfeatureoption with sig. 'mmm' on line 203.
.................................................
.................................................
. LaTeX info: "xparse/define-command"
. 
. Defining command \newfontscript with sig. 'mm' on line 208.
.................................................
.................................................
. LaTeX info: "xparse/define-command"
. 
. Defining command \newfontlanguage with sig. 'mm' on line 235.
.................................................
.................................................
. LaTeX info: "xparse/define-command"
. 
. Defining command \DeclareFontsExtensions with sig. 'm' on line 256.
.................................................
Variant \prop_gput:cnV already defined; not changing it on line 582
Variant \prop_gput:cnx already defined; not changing it on line 583
\l_fontspec_tmp_int=\count156
LaTeX Info: Redefining \itshape on input line 2087.
LaTeX Info: Redefining \slshape on input line 2092.
LaTeX Info: Redefining \scshape on input line 2097.
LaTeX Info: Redefining \upshape on input line 2102.
 (C:\,\tex\latex\fontspec\fontspec.cfg)))
\g__file_internal_ior=\read1
\g_fontspec_family_TeX Gyre Pagella_int=\count157
.................................................
. fontspec info: "defining-font"
. 
. Font family 'TeXGyrePagella(0)' created for font 'TeX Gyre Pagella' with
. options [Ligatures=TeX].
. 
. This font family consists of the following shapes:
. 
. * 'normal' with NFSS spec.:
. <->"TeX Gyre Pagella/ICU:script=latn;language=DFLT;mapping=tex-text;"
. 
. * 'small caps' with NFSS spec.:
. <->"TeX Gyre Pagella/ICU:script=latn;language=DFLT;mapping=tex-text;+smcp;"
. 
. * 'bold' with NFSS spec.:
. <->"TeX Gyre Pagella/B/ICU:script=latn;language=DFLT;mapping=tex-text;"
. 
. * 'bold small caps' with NFSS spec.:
. <->"TeX Gyre
. Pagella/B/ICU:script=latn;language=DFLT;mapping=tex-text;+smcp;"
. 
. * 'italic' with NFSS spec.:
. <->"TeX Gyre Pagella/I/ICU:script=latn;language=DFLT;mapping=tex-text;"
. 
. * 'italic small caps' with NFSS spec.:
. <->"TeX Gyre
. Pagella/I/ICU:script=latn;language=DFLT;mapping=tex-text;+smcp;"
. 
. * 'bold italic' with NFSS spec.:
. <->"TeX Gyre Pagella/BI/ICU:script=latn;language=DFLT;mapping=tex-text;"
. 
. * 'bold italic small caps' with NFSS spec.:
. <->"TeX Gyre
. Pagella/BI/ICU:script=latn;language=DFLT;mapping=tex-text;+smcp;"
.................................................

(C:\,\tex\latex\geometry\geometry.sty
Package: geometry 2010/09/12 v5.6 Page Geometry
\Gm@cnth=\count158
\Gm@cntv=\count159
\c@Gm@tempcnt=\count160
\Gm@bindingoffset=\dimen158
\Gm@wd@mp=\dimen159
\Gm@odd@mp=\dimen160
\Gm@even@mp=\dimen161
\Gm@layoutwidth=\dimen162
\Gm@layoutheight=\dimen163
\Gm@layouthoffset=\dimen164
\Gm@layoutvoffset=\dimen165
\Gm@dimlist=\toks23

(C:\,\tex\xelatex\xetexconfig\geometry.cfg))
(C:\,\tex\latex\titlesec\titlesec.sty
Package: titlesec 2011/12/15 v2.10.0 Sectioning titles
\ttl@box=\box45
\beforetitleunit=\skip53
\aftertitleunit=\skip54
\ttl@plus=\dimen166
\ttl@minus=\dimen167
\ttl@toksa=\toks24
\titlewidth=\dimen168
\titlewidthlast=\dimen169
\titlewidthfirst=\dimen170
) (C:\,\tex\latex\lipsum\lipsum.sty
Package: lipsum 2014/07/27 v1.3 150 paragraphs of Lorem Ipsum dummy text
\c@lips@count=\count161
)
(Y:\khemant\Documents\DeepLearning\DeepLearningBook\ClassicNotes\type1cm.sty
Package: type1cm 2002/04/01 v0.03 BlueSky/Y&Y Type1 CM font definitions (DPC)
)
(C:\,\tex\latex\xcolor\xcolor.sty
Package: xcolor 2007/01/21 v2.11 LaTeX color extensions (UK)
 (C:\,\tex\latex\00miktex\color.cfg
File: color.cfg 2007/01/18 v1.5 color configuration of teTeX/TeXLive
)
Package xcolor Info: Driver file: xetex.def on input line 225.
Package xcolor Info: Model `cmy' substituted by `cmy0' on input line 1337.
Package xcolor Info: Model `RGB' extended on input line 1353.
Package xcolor Info: Model `HTML' substituted by `rgb' on input line 1355.
Package xcolor Info: Model `Hsb' substituted by `hsb' on input line 1356.
Package xcolor Info: Model `tHsb' substituted by `hsb' on input line 1357.
Package xcolor Info: Model `HSB' substituted by `hsb' on input line 1358.
Package xcolor Info: Model `Gray' substituted by `gray' on input line 1359.
Package xcolor Info: Model `wave' substituted by `hsb' on input line 1360.
)
(C:\,\tex\latex\sidecap\sidecap.sty
Package: sidecap 2003/06/06 v1.6f SideCap Package (RN/HjG)
 (C:\,\tex\latex\base\ifthen.sty
Package: ifthen 2001/05/26 v1.1c Standard LaTeX ifthen package (DPC)
)
\SC@BOXWD=\dimen171
\SC@CAPWD=\dimen172
\SC@tempdima=\dimen173
\SC@tempdimb=\dimen174
\c@SC@C=\count162
\SC@BOX=\box46
)
(C:\,\tex\latex\pgf\frontendlayer\tikz.sty
(C:\,\tex\latex\pgf\basiclayer\pgf.sty (C:\,\tex\latex\pgf\utilities\pgfrcs.sty
(C:\,\tex\generic\pgf\utilities\pgfutil-common.tex
\pgfutil@everybye=\toks25
\pgfutil@tempdima=\dimen175
\pgfutil@tempdimb=\dimen176

(C:\,\tex\generic\pgf\utilities\pgfutil-common-lists.tex))
(C:\,\tex\generic\pgf\utilities\pgfutil-latex.def
\pgfutil@abb=\box47

(C:\,\tex\latex\ms\everyshi.sty
Package: everyshi 2001/05/15 v3.00 EveryShipout Package (MS)
))
(C:\,\tex\generic\pgf\utilities\pgfrcs.code.tex
Package: pgfrcs 2013/12/20 v3.0.0 (rcs-revision 1.28)
))
Package: pgf 2013/12/18 v3.0.0 (rcs-revision 1.14)

(C:\,\tex\latex\pgf\basiclayer\pgfcore.sty
(C:\,\tex\latex\pgf\systemlayer\pgfsys.sty
(C:\,\tex\generic\pgf\systemlayer\pgfsys.code.tex
Package: pgfsys 2013/11/30 v3.0.0 (rcs-revision 1.47)

(C:\,\tex\generic\pgf\utilities\pgfkeys.code.tex
\pgfkeys@pathtoks=\toks26
\pgfkeys@temptoks=\toks27

(C:\,\tex\generic\pgf\utilities\pgfkeysfiltered.code.tex
\pgfkeys@tmptoks=\toks28
))
\pgf@x=\dimen177
\pgf@y=\dimen178
\pgf@xa=\dimen179
\pgf@ya=\dimen180
\pgf@xb=\dimen181
\pgf@yb=\dimen182
\pgf@xc=\dimen183
\pgf@yc=\dimen184
\w@pgf@writea=\write3
\r@pgf@reada=\read2
\c@pgf@counta=\count163
\c@pgf@countb=\count164
\c@pgf@countc=\count165
\c@pgf@countd=\count166
\t@pgf@toka=\toks29
\t@pgf@tokb=\toks30
\t@pgf@tokc=\toks31

(C:\,\tex\generic\pgf\systemlayer\pgf.cfg
File: pgf.cfg 2008/05/14  (rcs-revision 1.7)
)
Driver file for pgf: pgfsys-xetex.def

(C:\,\tex\generic\pgf\systemlayer\pgfsys-xetex.def
File: pgfsys-xetex.def 2013/07/16  (rcs-revision 1.9)

(C:\,\tex\generic\pgf\systemlayer\pgfsys-dvipdfmx.def
File: pgfsys-dvipdfmx.def 2013/08/28  (rcs-revision 1.12)

(C:\,\tex\generic\pgf\systemlayer\pgfsys-common-pdf.def
File: pgfsys-common-pdf.def 2013/10/10  (rcs-revision 1.13)
)
\pgfsys@objnum=\count167
)))
(C:\,\tex\generic\pgf\systemlayer\pgfsyssoftpath.code.tex
File: pgfsyssoftpath.code.tex 2013/09/09  (rcs-revision 1.9)
\pgfsyssoftpath@smallbuffer@items=\count168
\pgfsyssoftpath@bigbuffer@items=\count169
)
(C:\,\tex\generic\pgf\systemlayer\pgfsysprotocol.code.tex
File: pgfsysprotocol.code.tex 2006/10/16  (rcs-revision 1.4)
))
(C:\,\tex\generic\pgf\basiclayer\pgfcore.code.tex
Package: pgfcore 2010/04/11 v3.0.0 (rcs-revision 1.7)

(C:\,\tex\generic\pgf\math\pgfmath.code.tex
(C:\,\tex\generic\pgf\math\pgfmathcalc.code.tex
(C:\,\tex\generic\pgf\math\pgfmathutil.code.tex)
(C:\,\tex\generic\pgf\math\pgfmathparser.code.tex
\pgfmath@dimen=\dimen185
\pgfmath@count=\count170
\pgfmath@box=\box48
\pgfmath@toks=\toks32
\pgfmath@stack@operand=\toks33
\pgfmath@stack@operation=\toks34
)
(C:\,\tex\generic\pgf\math\pgfmathfunctions.code.tex
(C:\,\tex\generic\pgf\math\pgfmathfunctions.basic.code.tex)
(C:\,\tex\generic\pgf\math\pgfmathfunctions.trigonometric.code.tex)
(C:\,\tex\generic\pgf\math\pgfmathfunctions.random.code.tex)
(C:\,\tex\generic\pgf\math\pgfmathfunctions.comparison.code.tex)
(C:\,\tex\generic\pgf\math\pgfmathfunctions.base.code.tex)
(C:\,\tex\generic\pgf\math\pgfmathfunctions.round.code.tex)
(C:\,\tex\generic\pgf\math\pgfmathfunctions.misc.code.tex)
(C:\,\tex\generic\pgf\math\pgfmathfunctions.integerarithmetics.code.tex)))
(C:\,\tex\generic\pgf\math\pgfmathfloat.code.tex
\c@pgfmathroundto@lastzeros=\count171
))
(C:\,\tex\generic\pgf\basiclayer\pgfcorepoints.code.tex
File: pgfcorepoints.code.tex 2013/10/07  (rcs-revision 1.27)
\pgf@picminx=\dimen186
\pgf@picmaxx=\dimen187
\pgf@picminy=\dimen188
\pgf@picmaxy=\dimen189
\pgf@pathminx=\dimen190
\pgf@pathmaxx=\dimen191
\pgf@pathminy=\dimen192
\pgf@pathmaxy=\dimen193
\pgf@xx=\dimen194
\pgf@xy=\dimen195
\pgf@yx=\dimen196
\pgf@yy=\dimen197
\pgf@zx=\dimen198
\pgf@zy=\dimen199
)
(C:\,\tex\generic\pgf\basiclayer\pgfcorepathconstruct.code.tex
File: pgfcorepathconstruct.code.tex 2013/10/07  (rcs-revision 1.29)
\pgf@path@lastx=\dimen200
\pgf@path@lasty=\dimen201
)
(C:\,\tex\generic\pgf\basiclayer\pgfcorepathusage.code.tex
File: pgfcorepathusage.code.tex 2013/12/13  (rcs-revision 1.23)
Normal \dimen register pool exhausted, switching to extended pool.
\pgf@shorten@end@additional=\dimen256
\pgf@shorten@start@additional=\dimen257
)
(C:\,\tex\generic\pgf\basiclayer\pgfcorescopes.code.tex
File: pgfcorescopes.code.tex 2013/10/09  (rcs-revision 1.44)
\pgfpic=\box49
\pgf@hbox=\box50
\pgf@layerbox@main=\box51
\pgf@picture@serial@count=\count172
)
(C:\,\tex\generic\pgf\basiclayer\pgfcoregraphicstate.code.tex
File: pgfcoregraphicstate.code.tex 2013/09/19  (rcs-revision 1.11)
\pgflinewidth=\dimen258
)
(C:\,\tex\generic\pgf\basiclayer\pgfcoretransformations.code.tex
File: pgfcoretransformations.code.tex 2013/10/10  (rcs-revision 1.17)
\pgf@pt@x=\dimen259
\pgf@pt@y=\dimen260
\pgf@pt@temp=\dimen261
)
(C:\,\tex\generic\pgf\basiclayer\pgfcorequick.code.tex
File: pgfcorequick.code.tex 2008/10/09  (rcs-revision 1.3)
)
(C:\,\tex\generic\pgf\basiclayer\pgfcoreobjects.code.tex
File: pgfcoreobjects.code.tex 2006/10/11  (rcs-revision 1.2)
)
(C:\,\tex\generic\pgf\basiclayer\pgfcorepathprocessing.code.tex
File: pgfcorepathprocessing.code.tex 2013/09/09  (rcs-revision 1.9)
)
(C:\,\tex\generic\pgf\basiclayer\pgfcorearrows.code.tex
File: pgfcorearrows.code.tex 2013/11/07  (rcs-revision 1.40)
\pgfarrowsep=\dimen262
)
(C:\,\tex\generic\pgf\basiclayer\pgfcoreshade.code.tex
File: pgfcoreshade.code.tex 2013/07/15  (rcs-revision 1.15)
\pgf@max=\dimen263
\pgf@sys@shading@range@num=\count173
)
(C:\,\tex\generic\pgf\basiclayer\pgfcoreimage.code.tex
File: pgfcoreimage.code.tex 2013/07/15  (rcs-revision 1.18)

(C:\,\tex\generic\pgf\basiclayer\pgfcoreexternal.code.tex
File: pgfcoreexternal.code.tex 2013/07/15  (rcs-revision 1.20)
\pgfexternal@startupbox=\box52
))
(C:\,\tex\generic\pgf\basiclayer\pgfcorelayers.code.tex
File: pgfcorelayers.code.tex 2013/07/18  (rcs-revision 1.7)
)
(C:\,\tex\generic\pgf\basiclayer\pgfcoretransparency.code.tex
File: pgfcoretransparency.code.tex 2013/09/30  (rcs-revision 1.5)
)
(C:\,\tex\generic\pgf\basiclayer\pgfcorepatterns.code.tex
File: pgfcorepatterns.code.tex 2013/11/07  (rcs-revision 1.5)
)))
(C:\,\tex\generic\pgf\modules\pgfmoduleshapes.code.tex
File: pgfmoduleshapes.code.tex 2013/10/31  (rcs-revision 1.34)
\pgfnodeparttextbox=\box53
)
(C:\,\tex\generic\pgf\modules\pgfmoduleplot.code.tex
File: pgfmoduleplot.code.tex 2013/07/31  (rcs-revision 1.12)
)
(C:\,\tex\latex\pgf\compatibility\pgfcomp-version-0-65.sty
Package: pgfcomp-version-0-65 2007/07/03 v3.0.0 (rcs-revision 1.7)
\pgf@nodesepstart=\dimen264
\pgf@nodesepend=\dimen265
)
(C:\,\tex\latex\pgf\compatibility\pgfcomp-version-1-18.sty
Package: pgfcomp-version-1-18 2007/07/23 v3.0.0 (rcs-revision 1.1)
))
(C:\,\tex\latex\pgf\utilities\pgffor.sty
(C:\,\tex\latex\pgf\utilities\pgfkeys.sty
(C:\,\tex\generic\pgf\utilities\pgfkeys.code.tex))
(C:\,\tex\latex\pgf\math\pgfmath.sty
(C:\,\tex\generic\pgf\math\pgfmath.code.tex))
(C:\,\tex\generic\pgf\utilities\pgffor.code.tex
Package: pgffor 2013/12/13 v3.0.0 (rcs-revision 1.25)

(C:\,\tex\generic\pgf\math\pgfmath.code.tex)
\pgffor@iter=\dimen266
\pgffor@skip=\dimen267
\pgffor@stack=\toks35
\pgffor@toks=\toks36
))
(C:\,\tex\generic\pgf\frontendlayer\tikz\tikz.code.tex
Package: tikz 2013/12/13 v3.0.0 (rcs-revision 1.142)

(C:\,\tex\generic\pgf\libraries\pgflibraryplothandlers.code.tex
File: pgflibraryplothandlers.code.tex 2013/08/31 v3.0.0 (rcs-revision 1.20)
\pgf@plot@mark@count=\count174
\pgfplotmarksize=\dimen268
)
\tikz@lastx=\dimen269
\tikz@lasty=\dimen270
\tikz@lastxsaved=\dimen271
\tikz@lastysaved=\dimen272
\tikzleveldistance=\dimen273
\tikzsiblingdistance=\dimen274
\tikz@figbox=\box54
\tikz@figbox@bg=\box55
\tikz@tempbox=\box56
\tikz@tempbox@bg=\box57
\tikztreelevel=\count175
\tikznumberofchildren=\count176
\tikznumberofcurrentchild=\count177
\tikz@fig@count=\count178

(C:\,\tex\generic\pgf\modules\pgfmodulematrix.code.tex
File: pgfmodulematrix.code.tex 2013/09/17  (rcs-revision 1.8)
\pgfmatrixcurrentrow=\count179
\pgfmatrixcurrentcolumn=\count180
\pgf@matrix@numberofcolumns=\count181
)
\tikz@expandcount=\count182

(C:\,\tex\generic\pgf\frontendlayer\tikz\libraries\tikzlibrarytopaths.code.tex
File: tikzlibrarytopaths.code.tex 2008/06/17 v3.0.0 (rcs-revision 1.2)
)))
(Y:\khemant\Documents\DeepLearning\DeepLearningBook\ClassicNotes\epigraph.sty
Package: epigraph 2002/10/22 v1.5a typesetting epigraphs
\beforeepigraphskip=\skip55
\afterepigraphskip=\skip56
\epigraphwidth=\skip57
\epigraphrule=\skip58
)
LaTeX Font Info:    Try loading font information for T1+ppl on input line 84.

(C:\,\tex\latex\psnfss\t1ppl.fd
File: t1ppl.fd 2001/06/04 font definitions for T1/ppl.
)
(Y:\khemant\Documents\DeepLearning\DeepLearningBook\ClassicNotes\CreativeCommon
s.sty
\imarg=\skip59
\parw=\skip60
) (C:\,\tex\latex\listings\listings.sty
\lst@mode=\count183
\lst@gtempboxa=\box58
\lst@token=\toks37
\lst@length=\count184
\lst@currlwidth=\dimen275
\lst@column=\count185
\lst@pos=\count186
\lst@lostspace=\dimen276
\lst@width=\dimen277
\lst@newlines=\count187
\lst@lineno=\count188
\lst@maxwidth=\dimen278

(C:\,\tex\latex\listings\lstmisc.sty
File: lstmisc.sty 2014/09/06 1.5e (Carsten Heinz)
\c@lstnumber=\count189
\lst@skipnumbers=\count190
\lst@framebox=\box59
) (C:\,\tex\latex\listings\listings.cfg
File: listings.cfg 2014/09/06 1.5e listings configuration
))
Package: listings 2014/09/06 1.5e (Carsten Heinz)

(C:\,\tex\latex\listings\lstlang1.sty
File: lstlang1.sty 2014/09/06 1.5e listings language file
)
(Y:\khemant\Documents\DeepLearning\DeepLearningBook\ClassicNotes\ClassicLecture
Notes.aux)
LaTeX Font Info:    Checking defaults for OML/cmm/m/it on input line 209.
LaTeX Font Info:    ... okay on input line 209.
LaTeX Font Info:    Checking defaults for T1/cmr/m/n on input line 209.
LaTeX Font Info:    ... okay on input line 209.
LaTeX Font Info:    Checking defaults for OT1/cmr/m/n on input line 209.
LaTeX Font Info:    ... okay on input line 209.
LaTeX Font Info:    Checking defaults for OMS/cmsy/m/n on input line 209.
LaTeX Font Info:    ... okay on input line 209.
LaTeX Font Info:    Checking defaults for OMX/cmex/m/n on input line 209.
LaTeX Font Info:    ... okay on input line 209.
LaTeX Font Info:    Checking defaults for U/cmr/m/n on input line 209.
LaTeX Font Info:    ... okay on input line 209.
LaTeX Font Info:    Checking defaults for PD1/pdf/m/n on input line 209.
LaTeX Font Info:    ... okay on input line 209.
LaTeX Font Info:    Checking defaults for PU/pdf/m/n on input line 209.
LaTeX Font Info:    ... okay on input line 209.
LaTeX Font Info:    Checking defaults for EU1/lmr/m/n on input line 209.
LaTeX Font Info:    ... okay on input line 209.
LaTeX Font Info:    Checking defaults for T3/cmr/m/n on input line 209.
LaTeX Font Info:    Try loading font information for T3+cmr on input line 209.
 (C:\,\tex\latex\tipa\t3cmr.fd
File: t3cmr.fd 2001/12/31 TIPA font definitions
)
LaTeX Font Info:    ... okay on input line 209.
\AtBeginShipoutBox=\box60
Package hyperref Info: Link coloring ON on input line 209.
 (C:\,\tex\latex\hyperref\nameref.sty
Package: nameref 2012/10/27 v2.43 Cross-referencing by name of section

(C:\,\tex\generic\oberdiek\gettitlestring.sty
Package: gettitlestring 2010/12/03 v1.4 Cleanup title references (HO)
)
\c@section@level=\count191
)
LaTeX Info: Redefining \ref on input line 209.
LaTeX Info: Redefining \pageref on input line 209.
LaTeX Info: Redefining \nameref on input line 209.

(Y:\khemant\Documents\DeepLearning\DeepLearningBook\ClassicNotes\ClassicLecture
Notes.out)
(Y:\khemant\Documents\DeepLearning\DeepLearningBook\ClassicNotes\ClassicLecture
Notes.out)
\@outlinefile=\write4
.................................................
. fontspec info: "setup-math"
. 
. Adjusting the maths setup (use [no-math] to avoid this).
.................................................
\symlegacymaths=\mathgroup4
LaTeX Font Info:    Overwriting symbol font `legacymaths' in version `bold'
(Font)                  OT1/cmr/m/n --> OT1/cmr/bx/n on input line 209.
LaTeX Font Info:    Redeclaring math accent \acute on input line 209.
LaTeX Font Info:    Redeclaring math accent \grave on input line 209.
LaTeX Font Info:    Redeclaring math accent \ddot on input line 209.
LaTeX Font Info:    Redeclaring math accent \tilde on input line 209.
LaTeX Font Info:    Redeclaring math accent \bar on input line 209.
LaTeX Font Info:    Redeclaring math accent \breve on input line 209.
LaTeX Font Info:    Redeclaring math accent \check on input line 209.
LaTeX Font Info:    Redeclaring math accent \hat on input line 209.
LaTeX Font Info:    Redeclaring math accent \dot on input line 209.
LaTeX Font Info:    Redeclaring math accent \mathring on input line 209.
LaTeX Font Info:    Redeclaring math symbol \Gamma on input line 209.
LaTeX Font Info:    Redeclaring math symbol \Delta on input line 209.
LaTeX Font Info:    Redeclaring math symbol \Theta on input line 209.
LaTeX Font Info:    Redeclaring math symbol \Lambda on input line 209.
LaTeX Font Info:    Redeclaring math symbol \Xi on input line 209.
LaTeX Font Info:    Redeclaring math symbol \Pi on input line 209.
LaTeX Font Info:    Redeclaring math symbol \Sigma on input line 209.
LaTeX Font Info:    Redeclaring math symbol \Upsilon on input line 209.
LaTeX Font Info:    Redeclaring math symbol \Phi on input line 209.
LaTeX Font Info:    Redeclaring math symbol \Psi on input line 209.
LaTeX Font Info:    Redeclaring math symbol \Omega on input line 209.
LaTeX Font Info:    Redeclaring math symbol \mathdollar on input line 209.
LaTeX Font Info:    Redeclaring symbol font `operators' on input line 209.
LaTeX Font Info:    Encoding `OT1' has changed to `EU1' for symbol font
(Font)              `operators' in the math version `normal' on input line 209.

LaTeX Font Info:    Overwriting symbol font `operators' in version `normal'
(Font)                  OT1/cmr/m/n --> EU1/TeXGyrePagella(0)/m/n on input line
 209.
LaTeX Font Info:    Encoding `OT1' has changed to `EU1' for symbol font
(Font)              `operators' in the math version `bold' on input line 209.
LaTeX Font Info:    Overwriting symbol font `operators' in version `bold'
(Font)                  OT1/cmr/bx/n --> EU1/TeXGyrePagella(0)/m/n on input lin
e 209.
LaTeX Font Info:    Overwriting symbol font `operators' in version `normal'
(Font)                  EU1/TeXGyrePagella(0)/m/n --> EU1/TeXGyrePagella(0)/m/n
 on input line 209.
LaTeX Font Info:    Overwriting math alphabet `\mathrm' in version `normal'
(Font)                  EU1/TeXGyrePagella(0)/m/n --> EU1/TeXGyrePagella(0)/m/n
 on input line 209.
LaTeX Font Info:    Overwriting math alphabet `\mathit' in version `normal'
(Font)                  OT1/cmr/m/it --> EU1/TeXGyrePagella(0)/m/it on input li
ne 209.
LaTeX Font Info:    Overwriting math alphabet `\mathbf' in version `normal'
(Font)                  OT1/cmr/bx/n --> EU1/TeXGyrePagella(0)/bx/n on input li
ne 209.
LaTeX Font Info:    Overwriting math alphabet `\mathsf' in version `normal'
(Font)                  OT1/cmss/m/n --> EU1/lmss/m/n on input line 209.
LaTeX Font Info:    Overwriting math alphabet `\mathtt' in version `normal'
(Font)                  OT1/cmtt/m/n --> EU1/lmtt/m/n on input line 209.
LaTeX Font Info:    Overwriting symbol font `operators' in version `bold'
(Font)                  EU1/TeXGyrePagella(0)/m/n --> EU1/TeXGyrePagella(0)/bx/
n on input line 209.
LaTeX Font Info:    Overwriting math alphabet `\mathrm' in version `bold'
(Font)                  EU1/TeXGyrePagella(0)/m/n --> EU1/TeXGyrePagella(0)/bx/
n on input line 209.
LaTeX Font Info:    Overwriting math alphabet `\mathit' in version `bold'
(Font)                  OT1/cmr/bx/it --> EU1/TeXGyrePagella(0)/bx/it on input 
line 209.
LaTeX Font Info:    Overwriting math alphabet `\mathsf' in version `bold'
(Font)                  OT1/cmss/bx/n --> EU1/lmss/bx/n on input line 209.
LaTeX Font Info:    Overwriting math alphabet `\mathtt' in version `bold'
(Font)                  OT1/cmtt/m/n --> EU1/lmtt/bx/n on input line 209.

*geometry* detected driver: pdftex
*geometry* verbose mode - [ preamble ] result:
* driver: pdftex
* paper: a4paper
* layout: <same size as paper>
* layoutoffset:(h,v)=(0.0pt,0.0pt)
* bindingoffset: 14.45377pt
* modes: 
* h-part:(L,W,R)=(83.11005pt, 416.83401pt, 83.11005pt)
* v-part:(T,H,B)=(108.405pt, 664.37186pt, 72.26999pt)
* \paperwidth=597.50787pt
* \paperheight=845.04684pt
* \textwidth=416.83401pt
* \textheight=664.37186pt
* \oddsidemargin=25.29382pt
* \evensidemargin=10.84006pt
* \topmargin=-0.86499pt
* \headheight=12.0pt
* \headsep=25.0pt
* \topskip=12.0pt
* \footskip=18.06749pt
* \marginparwidth=35.0pt
* \marginparsep=10.0pt
* \columnsep=10.0pt
* \skip\footins=10.8pt plus 4.0pt minus 2.0pt
* \hoffset=0.0pt
* \voffset=0.0pt
* \mag=1000
* \@twocolumnfalse
* \@twosidefalse
* \@mparswitchfalse
* \@reversemarginfalse
* (1in=72.27pt=25.4mm, 1cm=28.453pt)

(C:\,\tex\latex\ms\ragged2e.sty
Package: ragged2e 2009/05/21 v2.1 ragged2e Package (MS)
 (C:\,\tex\latex\ms\everysel.sty
Package: everysel 2011/10/28 v1.2 EverySelectfont Package (MS)

ABD: EverySelectfont initializing macros
LaTeX Info: Redefining \selectfont on input line 126.
)
\CenteringLeftskip=\skip61
\RaggedLeftLeftskip=\skip62
\RaggedRightLeftskip=\skip63
\CenteringRightskip=\skip64
\RaggedLeftRightskip=\skip65
\RaggedRightRightskip=\skip66
\CenteringParfillskip=\skip67
\RaggedLeftParfillskip=\skip68
\RaggedRightParfillskip=\skip69
\JustifyingParfillskip=\skip70
\CenteringParindent=\skip71
\RaggedLeftParindent=\skip72
\RaggedRightParindent=\skip73
\JustifyingParindent=\skip74
)
ABD: EveryShipout initializing macros
\c@lstlisting=\count192
File: ./images/deeplearning.png Graphic file (type QTm)
 <use  "./images/deeplearning.png" >
LaTeX Font Info:    Try loading font information for EU1+lmtt on input line 231
.

(C:\,\tex\latex\euenc\eu1lmtt.fd
File: eu1lmtt.fd 2009/10/30 v1.6 Font defs for Latin Modern
)
Overfull \hbox (2.42549pt too wide) in paragraph at lines 231--231
 []\EU1/lmtt/m/n/14.4 k.hemant@samsung.com
 []

(C:\,\tex\generic\oberdiek\se-ascii-print.def
File: se-ascii-print.def 2011/12/02 v1.10 stringenc: Printable ASCII characters

) [1

]

LaTeX Warning: Command \copyright invalid in math mode on input line 261.

[2] [3]
File: ./images/deep-learning-eu.jpg Graphic file (type QTm)
 <use  "./images/deep-learning-eu.jpg" > [4]
Overfull \hbox (2.30872pt too wide) in paragraph at lines 323--326
\EU1/TeXGyrePagella(0)/bx/n/12 Kumar Hemant, “Neural Networks and Deep Learning
”, ePrint 2016/v2.0 
 []

File: ./images/ccl.png Graphic file (type QTm)
<use  "./images/ccl.png" > [5]
(Y:\khemant\Documents\DeepLearning\DeepLearningBook\ClassicNotes\ClassicLecture
Notes.toc [6

])
\tf@toc=\write5
 [7]
Chapter 1.

Package hyperref Warning: Token not allowed in a PDF string (Unicode):
(hyperref)                removing `\@ifnextchar' on input line 369.


Overfull \hbox (6.49399pt too wide) in paragraph at lines 373--374
\EU1/TeXGyrePagella(0)/m/n/12 didn’t know how to train neural networks to surpa
ss more traditional approaches,
 []

[8

] [9] [10]
Chapter 2.

Package hyperref Warning: Token not allowed in a PDF string (Unicode):
(hyperref)                removing `\@ifnextchar' on input line 395.

File: images/digits.png Graphic file (type QTm)
<use  "images/digits.png" >
File: images/mnist_100_digits.png Graphic file (type QTm)
 <use  "images/mnist_100_digits.png" > [11

] [12]
File: images/tikz0.png Graphic file (type QTm)

<use  "images/tikz0.png" > [13]
Overfull \hbox (6.41002pt too wide) in paragraph at lines 455--456
[]\EU1/TeXGyrePagella(0)/m/n/12 By varying the weights and the threshold, we ca
n get different models of decision-
 []

[14]
File: images/tikz1.png Graphic file (type QTm)
 <use  "images/tikz1.png" > [15]
File: images/tikz2.png Graphic file (type QTm)
 <use  "images/tikz2.png" >
File: images/tikz3.png Graphic file (type QTm)

<use  "images/tikz3.png" > [16]
File: images/tikz4.png Graphic file (type QTm)
 <use  "images/tikz4.png" >
File: images/tikz5.png Graphic file (type QTm)

<use  "images/tikz5.png" >
File: images/tikz6.png Graphic file (type QTm)
 <use  "images/tikz6.png" > [17]
File: images/tikz7.png Graphic file (type QTm)

<use  "images/tikz7.png" > [18]
File: images/tikz8.png Graphic file (type QTm)
 <use  "images/tikz8.png" > [19]
File: images/tikz9.png Graphic file (type QTm)

<use  "images/tikz9.png" >
Missing character: There is no ≡ in font TeX Gyre Pagella/OT:script=latn;langua
ge=DFLT;mapping=tex-text;!
Missing character: There is no σ in font cmmi12!
 [20]
File: images/sigmoid.png Graphic file (type QTm)
 <use  "images/sigmoid.png" >
File: images/step.png Graphic file (type QTm)

<use  "images/step.png" >
Missing character: There is no Δ in font cmmi12!
Missing character: There is no Δ in font cmmi12!
 [21]
Missing character: There is no σ in font cmmi12!
 [22]
File: images/tikz10.png Graphic file (type QTm)
 <use  "images/tikz10.png" >
File: images/tikz11.png Graphic file (type QTm)

<use  "images/tikz11.png" > [23] [24]
File: images/digits.png Graphic file (type QTm)
 <use  "images/digits.png" >
File: images/digits_separate.png Graphic file (type QTm)

<use  "images/digits_separate.png" >
File: images/mnist_first_digit.png Graphic file (type QTm)
 <use  "images/mnist_first_digit.png" >
[25]
File: images/tikz12.png Graphic file (type QTm)
 <use  "images/tikz12.png" > [26]
File: images/mnist_top_left_feature.png Graphic file (type QTm)

<use  "images/mnist_top_left_feature.png" >
File: images/mnist_other_features.png Graphic file (type QTm)

<use  "images/mnist_other_features.png" >
File: images/mnist_complete_zero.png Graphic file (type QTm)

<use  "images/mnist_complete_zero.png" > [27]
File: images/tikz13.png Graphic file (type QTm)
 <use  "images/tikz13.png" >
[28]
File: images/digits_separate.png Graphic file (type QTm)
 <use  "images/digits_separate.png" > [29] [30]
File: images/valley.png Graphic file (type QTm)

<use  "images/valley.png" > [31] [32] [33]
File: images/valley_with_ball.png Graphic file (type QTm)

<use  "images/valley_with_ball.png" > [34] [35] [36] [37]
Overfull \hbox (0.91801pt too wide) in paragraph at lines 856--857
\EU1/TeXGyrePagella(0)/m/n/12 Then we choose another training input, and update
 the weights and biases again.
 []

[38]

Package Listings Warning: Text dropped after begin of listing on input line 867
.

[39] [40]
Missing character: There is no ′ in font TeX Gyre Pagella/OT:script=latn;langua
ge=DFLT;mapping=tex-text;!
Missing character: There is no ′ in font TeX Gyre Pagella/OT:script=latn;langua
ge=DFLT;mapping=tex-text;!
Missing character: There is no ′ in font TeX Gyre Pagella/OT:script=latn;langua
ge=DFLT;mapping=tex-text;!
 [41] [42] [43] [44] [45]
Overfull \hbox (21.9237pt too wide) in paragraph at lines 1105--1106
\EU1/TeXGyrePagella(0)/m/n/12 loading in the MNIST data. I’ll do this using a l
ittle helper program, mnist_loader.py,
 []

[46]
Missing character: There is no η in font cmmi12!
 [47]
Missing character: There is no η in font cmmi12!
Missing character: There is no η in font cmmi12!
Missing character: There is no η in font cmmi12!
 [48] [49] [50]
File: images/mnist_2_and_1.png Graphic file (type QTm)
 <use  "images/mnist_2_and_1.png" > [51]
File: images/mnist_really_bad_images.png Graphic file (type QTm)

<use  "images/mnist_really_bad_images.png" > [52]
File: images/Kangaroo.jpg Graphic file (type QTm)

<use  "images/Kangaroo.jpg" >
File: images/Einstein_crop.jpg Graphic file (type QTm)
 <use  "images/Einstein_crop.jpg" >
File: images/hubble.jpg Graphic file (type QTm)

<use  "images/hubble.jpg" > [53]
File: images/tikz14.png Graphic file (type QTm)
 <use  "images/tikz14.png" >
File: images/tikz15.png Graphic file (type QTm)

<use  "images/tikz15.png" > [54]
Overfull \hbox (12.47304pt too wide) in paragraph at lines 1378--1379
[]\EU1/TeXGyrePagella(0)/m/n/12 Of course, I haven’t said how to do this recurs
ive decomposition into sub-networks.
 []

[55] [56]
Chapter 3.

Package hyperref Warning: Token not allowed in a PDF string (Unicode):
(hyperref)                removing `\@ifnextchar' on input line 1388.

[57

] [58]
Chapter 4.

Package hyperref Warning: Token not allowed in a PDF string (Unicode):
(hyperref)                removing `\@ifnextchar' on input line 1418.

[59

]
Chapter 5.

Package hyperref Warning: Token not allowed in a PDF string (Unicode):
(hyperref)                removing `\@ifnextchar' on input line 1424.

[60

]
Chapter 6.

Package hyperref Warning: Token not allowed in a PDF string (Unicode):
(hyperref)                removing `\@ifnextchar' on input line 1429.

[61

]
Chapter 7.

Package hyperref Warning: Token not allowed in a PDF string (Unicode):
(hyperref)                removing `\@ifnextchar' on input line 1434.

[62

]
Chapter 8.

Package hyperref Warning: Token not allowed in a PDF string (Unicode):
(hyperref)                removing `\@ifnextchar' on input line 1443.


Package hyperref Warning: Token not allowed in a PDF string (Unicode):
(hyperref)                removing `\@ifnextchar' on input line 1446.


Package hyperref Warning: Token not allowed in a PDF string (Unicode):
(hyperref)                removing `\@ifnextchar' on input line 1454.


Package hyperref Warning: Token not allowed in a PDF string (Unicode):
(hyperref)                removing `\@ifnextchar' on input line 1462.

[63

]
Chapter 9.

Package hyperref Warning: Token not allowed in a PDF string (Unicode):
(hyperref)                removing `\@ifnextchar' on input line 1473.

[64

]
Underfull \hbox (badness 10000) in paragraph at lines 1495--1502
[]\EU1/TeXGyrePagella(0)/m/n/12 @unpublishedGoodfellow-et-al-2016-Book, title=D
eep Learning, au-
 []


Underfull \hbox (badness 1490) in paragraph at lines 1495--1502
\EU1/TeXGyrePagella(0)/m/n/12 thor=Ian Goodfellow Yoshua Bengio and Aaron Courv
ille, note=Book
 []


Underfull \hbox (badness 3525) in paragraph at lines 1495--1502
\EU1/TeXGyrePagella(0)/m/n/12 in preparation for MIT Press, url=http://www.deep
learningbook.org,
 []


Underfull \hbox (badness 10000) in paragraph at lines 1503--1514
[]\EU1/TeXGyrePagella(0)/m/n/12 @articleeinstein, author = ”Albert Einstein”, t
itle = ”Zur Elek-
 []


Underfull \hbox (badness 10000) in paragraph at lines 1503--1514
\EU1/TeXGyrePagella(0)/m/n/12 trodynamik bewegter Körper. (German) [On the elec
trodynamics
 []


Underfull \hbox (badness 10000) in paragraph at lines 1503--1514
\EU1/TeXGyrePagella(0)/m/n/12 of moving bodies]”, journal = ”Annalen der Physik
”, volume =
 []


Underfull \hbox (badness 3872) in paragraph at lines 1503--1514
\EU1/TeXGyrePagella(0)/m/n/12 ”322”, number = ”10”, pages = ”891–921”, year = ”
1905”, DOI =
 []


Underfull \hbox (badness 10000) in paragraph at lines 1523--1528
[]\EU1/TeXGyrePagella(0)/m/n/12 @miscknuthwebsite, author = ”Donald Knuth”, tit
le =
 []


Underfull \hbox (badness 10000) in paragraph at lines 1523--1528
\EU1/TeXGyrePagella(0)/m/n/12 ”Knuth: Computers and Typesetting”, url = ”http:/
/www-cs-
 []

[65

]
Package atveryend Info: Empty hook `BeforeClearDocument' on input line 1533.
 [66]
Package atveryend Info: Empty hook `AfterLastShipout' on input line 1533.

(Y:\khemant\Documents\DeepLearning\DeepLearningBook\ClassicNotes\ClassicLecture
Notes.aux)
Package atveryend Info: Empty hook `AtVeryEndDocument' on input line 1533.
Package atveryend Info: Empty hook `AtEndAfterFileList' on input line 1533.


LaTeX Warning: Label(s) may have changed. Rerun to get cross-references right.

Package atveryend Info: Empty hook `AtVeryVeryEnd' on input line 1533.
 ) 
Here is how much of TeX's memory you used:
 34031 strings out of 429025
 635780 string characters out of 3171642
 1176555 words of memory out of 3000000
 36854 multiletter control sequences out of 15000+200000
 9139 words of font info for 75 fonts, out of 3000000 for 9000
 912 hyphenation exceptions out of 8191
 55i,11n,54p,10452b,1892s stack positions out of 5000i,500n,10000p,200000b,50000s

Output written on ClassicLectureNotes.pdf (66 pages).
