This is XeTeX, Version 3.1415926-2.5-0.9999.3 (MiKTeX 2.9 64-bit) (preloaded format=xelatex 2015.4.8)  23 AUG 2016 18:44
entering extended mode
**ClassicLectureNotes.tex

(C:\Users\SEC\Documents\LaTeX\DeepLearning\Book\ClassicNotes\ClassicLectureNote
s.tex
LaTeX2e <2011/06/27>
Babel <v3.8m> and hyphenation patterns for english, afrikaans, ancientgreek, ar
abic, armenian, assamese, basque, bengali, bokmal, bulgarian, catalan, coptic, 
croatian, czech, danish, dutch, esperanto, estonian, farsi, finnish, french, ga
lician, german, german-x-2013-05-26, greek, gujarati, hindi, hungarian, iceland
ic, indonesian, interlingua, irish, italian, kannada, kurmanji, latin, latvian,
 lithuanian, malayalam, marathi, mongolian, mongolianlmc, monogreek, ngerman, n
german-x-2013-05-26, nynorsk, oriya, panjabi, pinyin, polish, portuguese, roman
ian, russian, sanskrit, serbian, slovak, slovenian, spanish, swedish, swissgerm
an, tamil, telugu, turkish, turkmen, ukenglish, ukrainian, uppersorbian, usengl
ishmax, welsh, loaded.
(C:\,\tex\latex\base\report.cls
Document Class: report 2007/10/19 v1.4h Standard LaTeX document class
(C:\,\tex\latex\base\size12.clo
File: size12.clo 2007/10/19 v1.4h Standard LaTeX file (size option)
)
\c@part=\count80
\c@chapter=\count81
\c@section=\count82
\c@subsection=\count83
\c@subsubsection=\count84
\c@paragraph=\count85
\c@subparagraph=\count86
\c@figure=\count87
\c@table=\count88
\abovecaptionskip=\skip41
\belowcaptionskip=\skip42
\bibindent=\dimen102
) (C:\,\tex\latex\amsmath\amsmath.sty
Package: amsmath 2013/01/14 v2.14 AMS math features
\@mathmargin=\skip43

For additional information on amsmath, use the `?' option.
(C:\,\tex\latex\amsmath\amstext.sty
Package: amstext 2000/06/29 v2.01
 (C:\,\tex\latex\amsmath\amsgen.sty
File: amsgen.sty 1999/11/30 v2.0
\@emptytoks=\toks14
\ex@=\dimen103
))
(C:\,\tex\latex\amsmath\amsbsy.sty
Package: amsbsy 1999/11/29 v1.2d
\pmbraise@=\dimen104
) (C:\,\tex\latex\amsmath\amsopn.sty
Package: amsopn 1999/12/14 v2.01 operator names
)
\inf@bad=\count89
LaTeX Info: Redefining \frac on input line 210.
\uproot@=\count90
\leftroot@=\count91
LaTeX Info: Redefining \overline on input line 306.
\classnum@=\count92
\DOTSCASE@=\count93
LaTeX Info: Redefining \ldots on input line 378.
LaTeX Info: Redefining \dots on input line 381.
LaTeX Info: Redefining \cdots on input line 466.
\Mathstrutbox@=\box26
\strutbox@=\box27
\big@size=\dimen105
LaTeX Font Info:    Redeclaring font encoding OML on input line 566.
LaTeX Font Info:    Redeclaring font encoding OMS on input line 567.
\macc@depth=\count94
\c@MaxMatrixCols=\count95
\dotsspace@=\muskip10
\c@parentequation=\count96
\dspbrk@lvl=\count97
\tag@help=\toks15
\row@=\count98
\column@=\count99
\maxfields@=\count100
\andhelp@=\toks16
\eqnshift@=\dimen106
\alignsep@=\dimen107
\tagshift@=\dimen108
\tagwidth@=\dimen109
\totwidth@=\dimen110
\lineht@=\dimen111
\@envbody=\toks17
\multlinegap=\skip44
\multlinetaggap=\skip45
\mathdisplay@stack=\toks18
LaTeX Info: Redefining \[ on input line 2665.
LaTeX Info: Redefining \] on input line 2666.
)
(C:\,\tex\latex\lineno\lineno.sty
Package: lineno 2005/11/02 line numbers on paragraphs v4.41
Invalid UTF-8 byte or sequence at line 296 replaced by U+FFFD.
\linenopenalty=\count101
\output=\toks19
\linenoprevgraf=\count102
\linenumbersep=\dimen112
\linenumberwidth=\dimen113
\c@linenumber=\count103
\c@pagewiselinenumber=\count104
\c@LN@truepage=\count105
\c@internallinenumber=\count106
\c@internallinenumbers=\count107
\quotelinenumbersep=\dimen114
\bframerule=\dimen115
\bframesep=\dimen116
\bframebox=\box28
LaTeX Info: Redefining \\ on input line 3056.
) (C:\,\tex\generic\babel\babel.sty
Package: babel 2008/07/08 v3.8m The Babel package

*************************************
* Local config file bblopts.cfg used
*
(C:\,\tex\latex\00miktex\bblopts.cfg
File: bblopts.cfg 2006/07/31 v1.0 MiKTeX 'babel' configuration
) (C:\,\tex\latex\babel-english\english.ldf
Language: english 2012/08/20 v3.3p English support from the babel system
(C:\,\tex\generic\babel\babel.def
File: babel.def 2008/07/08 v3.8m Babel common definitions
\babel@savecnt=\count108
\U@D=\dimen117
)
\l@canadian = a dialect from \language\l@american 
\l@australian = a dialect from \language\l@british 
\l@newzealand = a dialect from \language\l@british 
)) (C:\,\tex\latex\base\inputenc.sty
Package: inputenc 2008/03/30 v1.1d Input encoding file
\inpenc@prehook=\toks20
\inpenc@posthook=\toks21

(C:\,\tex\latex\base\utf8.def
File: utf8.def 2008/04/05 v1.1m UTF-8 support for inputenc
Now handling font encoding OML ...
... no UTF-8 mapping file for font encoding OML
Now handling font encoding T1 ...
... processing UTF-8 mapping file for font encoding T1
 (C:\,\tex\latex\base\t1enc.dfu
File: t1enc.dfu 2008/04/05 v1.1m UTF-8 support for inputenc
   defining Unicode char U+00A1 (decimal 161)
   defining Unicode char U+00A3 (decimal 163)
   defining Unicode char U+00AB (decimal 171)
   defining Unicode char U+00BB (decimal 187)
   defining Unicode char U+00BF (decimal 191)
   defining Unicode char U+00C0 (decimal 192)
   defining Unicode char U+00C1 (decimal 193)
   defining Unicode char U+00C2 (decimal 194)
   defining Unicode char U+00C3 (decimal 195)
   defining Unicode char U+00C4 (decimal 196)
   defining Unicode char U+00C5 (decimal 197)
   defining Unicode char U+00C6 (decimal 198)
   defining Unicode char U+00C7 (decimal 199)
   defining Unicode char U+00C8 (decimal 200)
   defining Unicode char U+00C9 (decimal 201)
   defining Unicode char U+00CA (decimal 202)
   defining Unicode char U+00CB (decimal 203)
   defining Unicode char U+00CC (decimal 204)
   defining Unicode char U+00CD (decimal 205)
   defining Unicode char U+00CE (decimal 206)
   defining Unicode char U+00CF (decimal 207)
   defining Unicode char U+00D0 (decimal 208)
   defining Unicode char U+00D1 (decimal 209)
   defining Unicode char U+00D2 (decimal 210)
   defining Unicode char U+00D3 (decimal 211)
   defining Unicode char U+00D4 (decimal 212)
   defining Unicode char U+00D5 (decimal 213)
   defining Unicode char U+00D6 (decimal 214)
   defining Unicode char U+00D8 (decimal 216)
   defining Unicode char U+00D9 (decimal 217)
   defining Unicode char U+00DA (decimal 218)
   defining Unicode char U+00DB (decimal 219)
   defining Unicode char U+00DC (decimal 220)
   defining Unicode char U+00DD (decimal 221)
   defining Unicode char U+00DE (decimal 222)
   defining Unicode char U+00DF (decimal 223)
   defining Unicode char U+00E0 (decimal 224)
   defining Unicode char U+00E1 (decimal 225)
   defining Unicode char U+00E2 (decimal 226)
   defining Unicode char U+00E3 (decimal 227)
   defining Unicode char U+00E4 (decimal 228)
   defining Unicode char U+00E5 (decimal 229)
   defining Unicode char U+00E6 (decimal 230)
   defining Unicode char U+00E7 (decimal 231)
   defining Unicode char U+00E8 (decimal 232)
   defining Unicode char U+00E9 (decimal 233)
   defining Unicode char U+00EA (decimal 234)
   defining Unicode char U+00EB (decimal 235)
   defining Unicode char U+00EC (decimal 236)
   defining Unicode char U+00ED (decimal 237)
   defining Unicode char U+00EE (decimal 238)
   defining Unicode char U+00EF (decimal 239)
   defining Unicode char U+00F0 (decimal 240)
   defining Unicode char U+00F1 (decimal 241)
   defining Unicode char U+00F2 (decimal 242)
   defining Unicode char U+00F3 (decimal 243)
   defining Unicode char U+00F4 (decimal 244)
   defining Unicode char U+00F5 (decimal 245)
   defining Unicode char U+00F6 (decimal 246)
   defining Unicode char U+00F8 (decimal 248)
   defining Unicode char U+00F9 (decimal 249)
   defining Unicode char U+00FA (decimal 250)
   defining Unicode char U+00FB (decimal 251)
   defining Unicode char U+00FC (decimal 252)
   defining Unicode char U+00FD (decimal 253)
   defining Unicode char U+00FE (decimal 254)
   defining Unicode char U+00FF (decimal 255)
   defining Unicode char U+0102 (decimal 258)
   defining Unicode char U+0103 (decimal 259)
   defining Unicode char U+0104 (decimal 260)
   defining Unicode char U+0105 (decimal 261)
   defining Unicode char U+0106 (decimal 262)
   defining Unicode char U+0107 (decimal 263)
   defining Unicode char U+010C (decimal 268)
   defining Unicode char U+010D (decimal 269)
   defining Unicode char U+010E (decimal 270)
   defining Unicode char U+010F (decimal 271)
   defining Unicode char U+0110 (decimal 272)
   defining Unicode char U+0111 (decimal 273)
   defining Unicode char U+0118 (decimal 280)
   defining Unicode char U+0119 (decimal 281)
   defining Unicode char U+011A (decimal 282)
   defining Unicode char U+011B (decimal 283)
   defining Unicode char U+011E (decimal 286)
   defining Unicode char U+011F (decimal 287)
   defining Unicode char U+0130 (decimal 304)
   defining Unicode char U+0131 (decimal 305)
   defining Unicode char U+0132 (decimal 306)
   defining Unicode char U+0133 (decimal 307)
   defining Unicode char U+0139 (decimal 313)
   defining Unicode char U+013A (decimal 314)
   defining Unicode char U+013D (decimal 317)
   defining Unicode char U+013E (decimal 318)
   defining Unicode char U+0141 (decimal 321)
   defining Unicode char U+0142 (decimal 322)
   defining Unicode char U+0143 (decimal 323)
   defining Unicode char U+0144 (decimal 324)
   defining Unicode char U+0147 (decimal 327)
   defining Unicode char U+0148 (decimal 328)
   defining Unicode char U+014A (decimal 330)
   defining Unicode char U+014B (decimal 331)
   defining Unicode char U+0150 (decimal 336)
   defining Unicode char U+0151 (decimal 337)
   defining Unicode char U+0152 (decimal 338)
   defining Unicode char U+0153 (decimal 339)
   defining Unicode char U+0154 (decimal 340)
   defining Unicode char U+0155 (decimal 341)
   defining Unicode char U+0158 (decimal 344)
   defining Unicode char U+0159 (decimal 345)
   defining Unicode char U+015A (decimal 346)
   defining Unicode char U+015B (decimal 347)
   defining Unicode char U+015E (decimal 350)
   defining Unicode char U+015F (decimal 351)
   defining Unicode char U+0160 (decimal 352)
   defining Unicode char U+0161 (decimal 353)
   defining Unicode char U+0162 (decimal 354)
   defining Unicode char U+0163 (decimal 355)
   defining Unicode char U+0164 (decimal 356)
   defining Unicode char U+0165 (decimal 357)
   defining Unicode char U+016E (decimal 366)
   defining Unicode char U+016F (decimal 367)
   defining Unicode char U+0170 (decimal 368)
   defining Unicode char U+0171 (decimal 369)
   defining Unicode char U+0178 (decimal 376)
   defining Unicode char U+0179 (decimal 377)
   defining Unicode char U+017A (decimal 378)
   defining Unicode char U+017B (decimal 379)
   defining Unicode char U+017C (decimal 380)
   defining Unicode char U+017D (decimal 381)
   defining Unicode char U+017E (decimal 382)
   defining Unicode char U+200C (decimal 8204)
   defining Unicode char U+2013 (decimal 8211)
   defining Unicode char U+2014 (decimal 8212)
   defining Unicode char U+2018 (decimal 8216)
   defining Unicode char U+2019 (decimal 8217)
   defining Unicode char U+201A (decimal 8218)
   defining Unicode char U+201C (decimal 8220)
   defining Unicode char U+201D (decimal 8221)
   defining Unicode char U+201E (decimal 8222)
   defining Unicode char U+2030 (decimal 8240)
   defining Unicode char U+2031 (decimal 8241)
   defining Unicode char U+2039 (decimal 8249)
   defining Unicode char U+203A (decimal 8250)
   defining Unicode char U+2423 (decimal 9251)
)
Now handling font encoding OT1 ...
... processing UTF-8 mapping file for font encoding OT1

(C:\,\tex\latex\base\ot1enc.dfu
File: ot1enc.dfu 2008/04/05 v1.1m UTF-8 support for inputenc
   defining Unicode char U+00A1 (decimal 161)
   defining Unicode char U+00A3 (decimal 163)
   defining Unicode char U+00B8 (decimal 184)
   defining Unicode char U+00BF (decimal 191)
   defining Unicode char U+00C5 (decimal 197)
   defining Unicode char U+00C6 (decimal 198)
   defining Unicode char U+00D8 (decimal 216)
   defining Unicode char U+00DF (decimal 223)
   defining Unicode char U+00E6 (decimal 230)
   defining Unicode char U+00EC (decimal 236)
   defining Unicode char U+00ED (decimal 237)
   defining Unicode char U+00EE (decimal 238)
   defining Unicode char U+00EF (decimal 239)
   defining Unicode char U+00F8 (decimal 248)
   defining Unicode char U+0131 (decimal 305)
   defining Unicode char U+0141 (decimal 321)
   defining Unicode char U+0142 (decimal 322)
   defining Unicode char U+0152 (decimal 338)
   defining Unicode char U+0153 (decimal 339)
   defining Unicode char U+2013 (decimal 8211)
   defining Unicode char U+2014 (decimal 8212)
   defining Unicode char U+2018 (decimal 8216)
   defining Unicode char U+2019 (decimal 8217)
   defining Unicode char U+201C (decimal 8220)
   defining Unicode char U+201D (decimal 8221)
)
Now handling font encoding OMS ...
... processing UTF-8 mapping file for font encoding OMS
 (C:\,\tex\latex\base\omsenc.dfu
File: omsenc.dfu 2008/04/05 v1.1m UTF-8 support for inputenc
   defining Unicode char U+00A7 (decimal 167)
   defining Unicode char U+00B6 (decimal 182)
   defining Unicode char U+00B7 (decimal 183)
   defining Unicode char U+2020 (decimal 8224)
   defining Unicode char U+2021 (decimal 8225)
   defining Unicode char U+2022 (decimal 8226)
)
Now handling font encoding OMX ...
... no UTF-8 mapping file for font encoding OMX
Now handling font encoding U ...
... no UTF-8 mapping file for font encoding U
   defining Unicode char U+00A9 (decimal 169)
   defining Unicode char U+00AA (decimal 170)
   defining Unicode char U+00AE (decimal 174)
   defining Unicode char U+00BA (decimal 186)
   defining Unicode char U+02C6 (decimal 710)
   defining Unicode char U+02DC (decimal 732)
   defining Unicode char U+200C (decimal 8204)
   defining Unicode char U+2026 (decimal 8230)
   defining Unicode char U+2122 (decimal 8482)
   defining Unicode char U+2423 (decimal 9251)
))
(C:\Users\SEC\Documents\LaTeX\DeepLearning\Book\ClassicNotes\imakeidx.sty
Package: imakeidx 2012/05/09 v1.1 Package for typesetting indices in a synchron
ous mode

(C:\,\tex\latex\xkeyval\xkeyval.sty
Package: xkeyval 2012/10/14 v2.6b package option processing (HA)
 (C:\,\tex\generic\xkeyval\xkeyval.tex
\XKV@toks=\toks22
\XKV@tempa@toks=\toks23
\XKV@depth=\count109
File: xkeyval.tex 2012/10/14 v2.6b key=value parser (HA)

(C:\,\tex\generic\xkeyval\keyval.tex))) (C:\,\tex\latex\tools\multicol.sty
Package: multicol 2011/06/27 v1.7a multicolumn formatting (FMi)
\c@tracingmulticols=\count110
\mult@box=\box29
\multicol@leftmargin=\dimen118
\c@unbalance=\count111
\c@collectmore=\count112
\doublecol@number=\count113
\multicoltolerance=\count114
\multicolpretolerance=\count115
\full@width=\dimen119
\page@free=\dimen120
\premulticols=\dimen121
\postmulticols=\dimen122
\multicolsep=\skip46
\multicolbaselineskip=\skip47
\partial@page=\box30
\last@line=\box31
\mult@rightbox=\box32
\mult@grightbox=\box33
\mult@gfirstbox=\box34
\mult@firstbox=\box35
\@tempa=\box36
\@tempa=\box37
\@tempa=\box38
\@tempa=\box39
\@tempa=\box40
\@tempa=\box41
\@tempa=\box42
\@tempa=\box43
\@tempa=\box44
\@tempa=\box45
\@tempa=\box46
\@tempa=\box47
\@tempa=\box48
\@tempa=\box49
\@tempa=\box50
\@tempa=\box51
\@tempa=\box52
\c@columnbadness=\count116
\c@finalcolumnbadness=\count117
\last@try=\dimen123
\multicolovershoot=\dimen124
\multicolundershoot=\dimen125
\mult@nat@firstbox=\box53
\colbreak@box=\box54
\multicol@sort@counter=\count118
))
(C:\Users\SEC\Documents\LaTeX\DeepLearning\Book\ClassicNotes\appendix.sty
Package: appendix 2002/08/06 v1.2 extra appendix facilities
\c@@pps=\count119
\c@@ppsavesec=\count120
\c@@ppsaveapp=\count121
)
(C:\,\tex\latex\hyperref\hyperref.sty
Package: hyperref 2012/11/06 v6.83m Hypertext links for LaTeX

(C:\,\tex\generic\oberdiek\hobsub-hyperref.sty
Package: hobsub-hyperref 2012/04/25 v1.12 Bundle oberdiek, subset hyperref (HO)


(C:\,\tex\generic\oberdiek\hobsub-generic.sty
Package: hobsub-generic 2012/04/25 v1.12 Bundle oberdiek, subset generic (HO)
Package: hobsub 2012/04/25 v1.12 Construct package bundles (HO)
Package: infwarerr 2010/04/08 v1.3 Providing info/warning/error messages (HO)
Package: ltxcmds 2011/11/09 v1.22 LaTeX kernel commands for general use (HO)
Package: ifluatex 2010/03/01 v1.3 Provides the ifluatex switch (HO)
Package ifluatex Info: LuaTeX not detected.
Package: ifvtex 2010/03/01 v1.5 Detect VTeX and its facilities (HO)
Package ifvtex Info: VTeX not detected.
Package: intcalc 2007/09/27 v1.1 Expandable calculations with integers (HO)
Package: ifpdf 2011/01/30 v2.3 Provides the ifpdf switch (HO)
Package ifpdf Info: pdfTeX in PDF mode is not detected.
Package: etexcmds 2011/02/16 v1.5 Avoid name clashes with e-TeX commands (HO)
Package etexcmds Info: Could not find \expanded.
(etexcmds)             That can mean that you are not using pdfTeX 1.50 or
(etexcmds)             that some package has redefined \expanded.
(etexcmds)             In the latter case, load this package earlier.
Package: kvsetkeys 2012/04/25 v1.16 Key value parser (HO)
Package: kvdefinekeys 2011/04/07 v1.3 Define keys (HO)
Package: pdftexcmds 2011/11/29 v0.20 Utility functions of pdfTeX for LuaTeX (HO
)
Package pdftexcmds Info: LuaTeX not detected.
Package pdftexcmds Info: pdfTeX >= 1.30 not detected.
Package pdftexcmds Info: \pdf@primitive is available.
Package pdftexcmds Info: \pdf@ifprimitive is available.
Package pdftexcmds Info: \pdfdraftmode not found.
Package: pdfescape 2011/11/25 v1.13 Implements pdfTeX's escape features (HO)
Package: bigintcalc 2012/04/08 v1.3 Expandable calculations on big integers (HO
)
Package: bitset 2011/01/30 v1.1 Handle bit-vector datatype (HO)
Package: uniquecounter 2011/01/30 v1.2 Provide unlimited unique counter (HO)
)
Package hobsub Info: Skipping package `hobsub' (already loaded).
Package: letltxmacro 2010/09/02 v1.4 Let assignment for LaTeX macros (HO)
Package: hopatch 2011/06/24 v1.1 Wrapper for package hooks (HO)
Package: xcolor-patch 2011/01/30 xcolor patch
Package: atveryend 2011/06/30 v1.8 Hooks at the very end of document (HO)
Package atveryend Info: \enddocument detected (standard20110627).
Package: atbegshi 2011/10/05 v1.16 At begin shipout hook (HO)
Package: refcount 2011/10/16 v3.4 Data extraction from label references (HO)
Package: hycolor 2011/01/30 v1.7 Color options for hyperref/bookmark (HO)
)
(C:\,\tex\generic\ifxetex\ifxetex.sty
Package: ifxetex 2010/09/12 v0.6 Provides ifxetex conditional
) (C:\,\tex\latex\oberdiek\auxhook.sty
Package: auxhook 2011/03/04 v1.3 Hooks for auxiliary files (HO)
)
(C:\,\tex\latex\oberdiek\kvoptions.sty
Package: kvoptions 2011/06/30 v3.11 Key value format for package options (HO)
)
\@linkdim=\dimen126
\Hy@linkcounter=\count122
\Hy@pagecounter=\count123
 (C:\,\tex\latex\hyperref\pd1enc.def
File: pd1enc.def 2012/11/06 v6.83m Hyperref: PDFDocEncoding definition (HO)
Now handling font encoding PD1 ...
... no UTF-8 mapping file for font encoding PD1
)
\Hy@SavedSpaceFactor=\count124

(C:\,\tex\latex\00miktex\hyperref.cfg
File: hyperref.cfg 2002/06/06 v1.2 hyperref configuration of TeXLive
)
Package hyperref Info: Hyper figures OFF on input line 4443.
Package hyperref Info: Link nesting OFF on input line 4448.
Package hyperref Info: Hyper index ON on input line 4451.
Package hyperref Info: Plain pages OFF on input line 4458.
Package hyperref Info: Backreferencing OFF on input line 4463.
Package hyperref Info: Implicit mode ON; LaTeX internals redefined.
Package hyperref Info: Bookmarks ON on input line 4688.
\c@Hy@tempcnt=\count125
 (C:\,\tex\latex\url\url.sty
\Urlmuskip=\muskip11
Package: url 2013/09/16  ver 3.4  Verb mode for urls, etc.
)
LaTeX Info: Redefining \url on input line 5041.
\XeTeXLinkMargin=\dimen127
\Fld@menulength=\count126
\Field@Width=\dimen128
\Fld@charsize=\dimen129
Package hyperref Info: Hyper figures OFF on input line 6295.
Package hyperref Info: Link nesting OFF on input line 6300.
Package hyperref Info: Hyper index ON on input line 6303.
Package hyperref Info: backreferencing OFF on input line 6310.
Package hyperref Info: Link coloring OFF on input line 6315.
Package hyperref Info: Link coloring with OCG OFF on input line 6320.
Package hyperref Info: PDF/A mode OFF on input line 6325.
LaTeX Info: Redefining \ref on input line 6365.
LaTeX Info: Redefining \pageref on input line 6369.
\Hy@abspage=\count127
\c@Item=\count128
\c@Hfootnote=\count129
)

Package hyperref Message: Driver (autodetected): hxetex.

(C:\,\tex\latex\hyperref\hxetex.def
File: hxetex.def 2012/11/06 v6.83m Hyperref driver for XeTeX
 (C:\,\tex\latex\hyperref\puenc.def
File: puenc.def 2012/11/06 v6.83m Hyperref: PDF Unicode definition (HO)
Now handling font encoding PU ...
... no UTF-8 mapping file for font encoding PU
)
(C:\,\tex\generic\oberdiek\stringenc.sty
Package: stringenc 2011/12/02 v1.10 Convert strings between diff. encodings (HO
)
)
\pdfm@box=\box55
\c@Hy@AnnotLevel=\count130
\HyField@AnnotCount=\count131
\Fld@listcount=\count132
\c@bookmark@seq@number=\count133

(C:\,\tex\latex\oberdiek\rerunfilecheck.sty
Package: rerunfilecheck 2011/04/15 v1.7 Rerun checks for auxiliary files (HO)
Package rerunfilecheck Info: Feature \pdfmdfivesum is not available
(rerunfilecheck)             (e.g. pdfTeX or LuaTeX with package `pdftexcmds').

(rerunfilecheck)             Therefore file contents cannot be checked efficien
tly
(rerunfilecheck)             and the loading of the package is aborted.
)
\Hy@SectionHShift=\skip48
)
Package hyperref Info: Option `colorlinks' set `true' on input line 44.

(C:\,\tex\latex\fontspec\fontspec.sty
Package: fontspec 2013/05/20 v2.3c Font selection for XeLaTeX and LuaLaTeX
 (C:\,\tex\latex\l3kernel\expl3.sty
Package: expl3 2015/03/01 v5547 L3 programming layer (loader) 

(C:\,\tex\latex\l3kernel\expl3-code.tex
Package: expl3 2015/03/01 v5547 L3 programming layer (code) 
L3 Module: l3bootstrap 2015/02/28 v5542 L3 Bootstrap code
 (C:\,\tex\latex\misc\etex.sty
Package: etex 1998/03/26 v2.0 eTeX basic definition package (PEB)
\et@xins=\count134
)
L3 Module: l3names 2015/02/24 v5535 L3 Namespace for primitives
L3 Module: l3basics 2015/01/27 v5500 L3 Basic definitions
L3 Module: l3expan 2014/11/27 v5472 L3 Argument expansion
L3 Module: l3tl 2015/01/27 v5500 L3 Token lists
L3 Module: l3str 2015/03/01 v5545 L3 Strings
L3 Module: l3seq 2014/08/23 v5354 L3 Sequences and stacks
L3 Module: l3int 2015/02/21 v5529 L3 Integers
\c_max_int=\count135
\l_tmpa_int=\count136
\l_tmpb_int=\count137
\g_tmpa_int=\count138
\g_tmpb_int=\count139
L3 Module: l3quark 2014/08/23 v5354 L3 Quarks
L3 Module: l3prg 2014/08/23 v5354 L3 Control structures
\g__prg_map_int=\count140
L3 Module: l3clist 2014/08/23 v5354 L3 Comma separated lists
L3 Module: l3token 2014/09/15 v5422 L3 Experimental token manipulation
L3 Module: l3prop 2014/08/23 v5354 L3 Property lists
L3 Module: l3msg 2015/02/26 v5537 L3 Messages
L3 Module: l3file 2014/08/24 v5369 L3 File and I/O operations
\l_iow_line_count_int=\count141
\l__iow_target_count_int=\count142
\l__iow_current_line_int=\count143
\l__iow_current_word_int=\count144
\l__iow_current_indentation_int=\count145
L3 Module: l3skip 2014/08/23 v5354 L3 Dimensions and skips
\c_zero_dim=\dimen130
\c_max_dim=\dimen131
\l_tmpa_dim=\dimen132
\l_tmpb_dim=\dimen133
\g_tmpa_dim=\dimen134
\g_tmpb_dim=\dimen135
\c_zero_skip=\skip49
\c_max_skip=\skip50
\l_tmpa_skip=\skip51
\l_tmpb_skip=\skip52
\g_tmpa_skip=\skip53
\g_tmpb_skip=\skip54
\c_zero_muskip=\muskip12
\c_max_muskip=\muskip13
\l_tmpa_muskip=\muskip14
\l_tmpb_muskip=\muskip15
\g_tmpa_muskip=\muskip16
\g_tmpb_muskip=\muskip17
L3 Module: l3keys 2015/01/27 v5500 L3 Key-value interfaces
\g__keyval_level_int=\count146
\l_keys_choice_int=\count147
L3 Module: l3fp 2014/08/22 v5336 L3 Floating points
\c__fp_leading_shift_int=\count148
\c__fp_middle_shift_int=\count149
\c__fp_trailing_shift_int=\count150
\c__fp_big_leading_shift_int=\count151
\c__fp_big_middle_shift_int=\count152
\c__fp_big_trailing_shift_int=\count153
\c__fp_Bigg_leading_shift_int=\count154
\c__fp_Bigg_middle_shift_int=\count155
\c__fp_Bigg_trailing_shift_int=\count156
L3 Module: l3box 2014/08/23 v5354 L3 Experimental boxes
\c_empty_box=\box56
\l_tmpa_box=\box57
\l_tmpb_box=\box58
\g_tmpa_box=\box59
\g_tmpb_box=\box60
L3 Module: l3coffins 2014/08/23 v5354 L3 Coffin code layer
\l__coffin_internal_box=\box61
\l__coffin_internal_dim=\dimen136
\l__coffin_offset_x_dim=\dimen137
\l__coffin_offset_y_dim=\dimen138
\l__coffin_x_dim=\dimen139
\l__coffin_y_dim=\dimen140
\l__coffin_x_prime_dim=\dimen141
\l__coffin_y_prime_dim=\dimen142
\c_empty_coffin=\box62
\l__coffin_aligned_coffin=\box63
\l__coffin_aligned_internal_coffin=\box64
\l_tmpa_coffin=\box65
\l_tmpb_coffin=\box66
\l__coffin_display_coffin=\box67
\l__coffin_display_coord_coffin=\box68
\l__coffin_display_pole_coffin=\box69
\l__coffin_display_offset_dim=\dimen143
\l__coffin_display_x_dim=\dimen144
\l__coffin_display_y_dim=\dimen145
L3 Module: l3color 2014/08/23 v5354 L3 Experimental color support
L3 Module: l3candidates 2015/03/01 v5544 L3 Experimental additions to l3kernel
\l__box_top_dim=\dimen146
\l__box_bottom_dim=\dimen147
\l__box_left_dim=\dimen148
\l__box_right_dim=\dimen149
\l__box_top_new_dim=\dimen150
\l__box_bottom_new_dim=\dimen151
\l__box_left_new_dim=\dimen152
\l__box_right_new_dim=\dimen153
\l__box_internal_box=\box70
\l__coffin_bounding_shift_dim=\dimen154
\l__coffin_left_corner_dim=\dimen155
\l__coffin_right_corner_dim=\dimen156
\l__coffin_bottom_corner_dim=\dimen157
\l__coffin_top_corner_dim=\dimen158
\l__coffin_scaled_total_height_dim=\dimen159
\l__coffin_scaled_width_dim=\dimen160
)
(C:\,\tex\latex\l3kernel\l3unicode-data.def
File: l3unicode-data.def 2015/03/01 v5544 L3 Unicode data
)
(C:\,\tex\latex\l3kernel\l3xdvipdfmx.def
File: l3xdvidpfmx.def 2015/03/01 v5544 L3 Experimental driver: xdvipdfmx
))
(C:\,\tex\latex\l3packages\xparse\xparse.sty
Package: xparse 2014/11/25 v5471 L3 Experimental document command parser
\l__xparse_current_arg_int=\count157
\l__xparse_m_args_int=\count158
\l__xparse_mandatory_args_int=\count159
\l__xparse_processor_int=\count160
\l__xparse_v_nesting_int=\count161
)
\l_fontspec_script_int=\count162
\l_fontspec_language_int=\count163
\l_fontspec_strnum_int=\count164
\l_fontspec_tmpa_dim=\dimen161
\l_fontspec_tmpb_dim=\dimen162
\l_fontspec_tmpc_dim=\dimen163
Variant \tl_gset:cV already defined; not changing it on line 69

(C:\,\tex\latex\fontspec\fontspec-patches.sty
Package: fontspec-patches 2013/05/20 v2.3c Font selection for XeLaTeX and LuaLa
TeX
 (C:\,\tex\latex\base\fixltx2e.sty
Package: fixltx2e 2006/09/13 v1.1m fixes to LaTeX
LaTeX Info: Redefining \em on input line 420.
LaTeX Info: The control sequence `\[' is already robust on input line 471.
LaTeX Info: The control sequence `\]' is already robust on input line 472.
)
LaTeX Info: Redefining \em on input line 22.
LaTeX Info: Redefining \emph on input line 30.
LaTeX Info: Redefining \- on input line 33.
.................................................
. LaTeX info: "xparse/redefine-command"
. 
. Redefining command \oldstylenums with sig. 'm' on line 128.
.................................................
.................................................
. LaTeX info: "xparse/define-command"
. 
. Defining command \liningnums with sig. 'm' on line 132.
.................................................
) (C:\,\tex\latex\fontspec\fontspec-xetex.sty
Package: fontspec-xetex 2013/05/20 v2.3c Font selection for XeLaTeX and LuaLaTe
X
 (C:\,\tex\latex\base\fontenc.sty
Package: fontenc 2005/09/27 v1.99g Standard LaTeX package
(C:\,\tex\latex\euenc\eu1enc.def
File: eu1enc.def 2010/05/27 v0.1h Experimental Unicode font encodings
Now handling font encoding EU1 ...
... no UTF-8 mapping file for font encoding EU1
)
LaTeX Font Info:    Try loading font information for EU1+lmr on input line 100.

 (C:\,\tex\latex\euenc\eu1lmr.fd
File: eu1lmr.fd 2009/10/30 v1.6 Font defs for Latin Modern
))
(C:\,\tex\xelatex\xunicode\xunicode.sty
File: xunicode.sty 2011/09/09 v0.981 provides access to latin accents and many 
other characters in Unicode lower plane

*** you should *not* be loading the inputenc package
*** XeTeX expects the source to be in UTF8 encoding
*** some features of other encodings may conflict, resulting in poor output.
(C:\,\tex\latex\tipa\t3enc.def
File: t3enc.def 2001/12/31 T3 encoding
Now handling font encoding T3 ...
... no UTF-8 mapping file for font encoding T3
LaTeX Font Info:    Try loading font information for EU1+lmss on input line 357
.
 (C:\,\tex\latex\euenc\eu1lmss.fd
File: eu1lmss.fd 2009/10/30 v1.6 Font defs for Latin Modern
))
\tipaTiiicode=\count165
\tipasavetokens=\toks24
\tipachecktokens=\toks25

(C:\,\tex\latex\graphics\graphicx.sty
Package: graphicx 1999/02/16 v1.0f Enhanced LaTeX Graphics (DPC,SPQR)
 (C:\,\tex\latex\graphics\graphics.sty
Package: graphics 2009/02/05 v1.0o Standard LaTeX Graphics (DPC,SPQR)

(C:\,\tex\latex\graphics\trig.sty
Package: trig 1999/03/16 v1.09 sin cos tan (DPC)
) (C:\,\tex\latex\00miktex\graphics.cfg
File: graphics.cfg 2007/01/18 v1.5 graphics configuration of teTeX/TeXLive
)
Package graphics Info: Driver file: xetex.def on input line 91.

(C:\,\tex\xelatex\xetex-def\xetex.def
File: xetex.def 2014/07/25 v4.03 LaTeX color/graphics driver for XeTeX (RRM/JK)

))
\Gin@req@height=\dimen164
\Gin@req@width=\dimen165
))
.................................................
. LaTeX info: "xparse/define-command"
. 
. Defining command \fontspec with sig. 'O{}m' on line 41.
.................................................
.................................................
. LaTeX info: "xparse/define-command"
. 
. Defining command \setmainfont with sig. 'O{}m' on line 46.
.................................................
.................................................
. LaTeX info: "xparse/define-command"
. 
. Defining command \setsansfont with sig. 'O{}m' on line 51.
.................................................
.................................................
. LaTeX info: "xparse/define-command"
. 
. Defining command \setmonofont with sig. 'O{}m' on line 56.
.................................................
.................................................
. LaTeX info: "xparse/define-command"
. 
. Defining command \setmathrm with sig. 'O{}m' on line 65.
.................................................
.................................................
. LaTeX info: "xparse/define-command"
. 
. Defining command \setboldmathrm with sig. 'O{}m' on line 69.
.................................................
.................................................
. LaTeX info: "xparse/define-command"
. 
. Defining command \setmathsf with sig. 'O{}m' on line 73.
.................................................
.................................................
. LaTeX info: "xparse/define-command"
. 
. Defining command \setmathtt with sig. 'O{}m' on line 77.
.................................................
.................................................
. LaTeX info: "xparse/define-command"
. 
. Defining command \newfontfamily with sig. 'mO{}m' on line 96.
.................................................
.................................................
. LaTeX info: "xparse/define-command"
. 
. Defining command \newfontface with sig. 'mO{}m' on line 100.
.................................................
.................................................
. LaTeX info: "xparse/define-command"
. 
. Defining command \defaultfontfeatures with sig. 'om' on line 108.
.................................................
.................................................
. LaTeX info: "xparse/define-command"
. 
. Defining command \addfontfeatures with sig. 'm' on line 144.
.................................................
.................................................
. LaTeX info: "xparse/define-command"
. 
. Defining command \newfontfeature with sig. 'mm' on line 156.
.................................................
.................................................
. LaTeX info: "xparse/define-command"
. 
. Defining command \newAATfeature with sig. 'mmmm' on line 164.
.................................................
.................................................
. LaTeX info: "xparse/define-command"
. 
. Defining command \newICUfeature with sig. 'mmm' on line 172.
.................................................
.................................................
. LaTeX info: "xparse/define-command"
. 
. Defining command \aliasfontfeature with sig. 'mm' on line 201.
.................................................
.................................................
. LaTeX info: "xparse/define-command"
. 
. Defining command \aliasfontfeatureoption with sig. 'mmm' on line 203.
.................................................
.................................................
. LaTeX info: "xparse/define-command"
. 
. Defining command \newfontscript with sig. 'mm' on line 208.
.................................................
.................................................
. LaTeX info: "xparse/define-command"
. 
. Defining command \newfontlanguage with sig. 'mm' on line 235.
.................................................
.................................................
. LaTeX info: "xparse/define-command"
. 
. Defining command \DeclareFontsExtensions with sig. 'm' on line 256.
.................................................
Variant \prop_gput:cnV already defined; not changing it on line 582
Variant \prop_gput:cnx already defined; not changing it on line 583
\l_fontspec_tmp_int=\count166
LaTeX Info: Redefining \itshape on input line 2087.
LaTeX Info: Redefining \slshape on input line 2092.
LaTeX Info: Redefining \scshape on input line 2097.
LaTeX Info: Redefining \upshape on input line 2102.
 (C:\,\tex\latex\fontspec\fontspec.cfg)))
\g__file_internal_ior=\read1
\g_fontspec_family_TeX Gyre Pagella_int=\count167
.................................................
. fontspec info: "defining-font"
. 
. Font family 'TeXGyrePagella(0)' created for font 'TeX Gyre Pagella' with
. options [Ligatures=TeX].
. 
. This font family consists of the following shapes:
. 
. * 'normal' with NFSS spec.:
. <->"TeX Gyre Pagella/ICU:script=latn;language=DFLT;mapping=tex-text;"
. 
. * 'small caps' with NFSS spec.:
. <->"TeX Gyre Pagella/ICU:script=latn;language=DFLT;mapping=tex-text;+smcp;"
. 
. * 'bold' with NFSS spec.:
. <->"TeX Gyre Pagella/B/ICU:script=latn;language=DFLT;mapping=tex-text;"
. 
. * 'bold small caps' with NFSS spec.:
. <->"TeX Gyre
. Pagella/B/ICU:script=latn;language=DFLT;mapping=tex-text;+smcp;"
. 
. * 'italic' with NFSS spec.:
. <->"TeX Gyre Pagella/I/ICU:script=latn;language=DFLT;mapping=tex-text;"
. 
. * 'italic small caps' with NFSS spec.:
. <->"TeX Gyre
. Pagella/I/ICU:script=latn;language=DFLT;mapping=tex-text;+smcp;"
. 
. * 'bold italic' with NFSS spec.:
. <->"TeX Gyre Pagella/BI/ICU:script=latn;language=DFLT;mapping=tex-text;"
. 
. * 'bold italic small caps' with NFSS spec.:
. <->"TeX Gyre
. Pagella/BI/ICU:script=latn;language=DFLT;mapping=tex-text;+smcp;"
.................................................
 (C:\,\tex\latex\geometry\geometry.sty
Package: geometry 2010/09/12 v5.6 Page Geometry
\Gm@cnth=\count168
\Gm@cntv=\count169
\c@Gm@tempcnt=\count170
\Gm@bindingoffset=\dimen166
\Gm@wd@mp=\dimen167
\Gm@odd@mp=\dimen168
\Gm@even@mp=\dimen169
\Gm@layoutwidth=\dimen170
\Gm@layoutheight=\dimen171
\Gm@layouthoffset=\dimen172
\Gm@layoutvoffset=\dimen173
\Gm@dimlist=\toks26

(C:\,\tex\xelatex\xetexconfig\geometry.cfg))
(C:\,\tex\latex\titlesec\titlesec.sty
Package: titlesec 2011/12/15 v2.10.0 Sectioning titles
\ttl@box=\box71
\beforetitleunit=\skip55
\aftertitleunit=\skip56
\ttl@plus=\dimen174
\ttl@minus=\dimen175
\ttl@toksa=\toks27
\titlewidth=\dimen176
\titlewidthlast=\dimen177
\titlewidthfirst=\dimen178
) (C:\,\tex\latex\lipsum\lipsum.sty
Package: lipsum 2014/07/27 v1.3 150 paragraphs of Lorem Ipsum dummy text
\c@lips@count=\count171
)
(C:\Users\SEC\Documents\LaTeX\DeepLearning\Book\ClassicNotes\type1cm.sty
Package: type1cm 2002/04/01 v0.03 BlueSky/Y&Y Type1 CM font definitions (DPC)
)
(C:\,\tex\latex\xcolor\xcolor.sty
Package: xcolor 2007/01/21 v2.11 LaTeX color extensions (UK)
 (C:\,\tex\latex\00miktex\color.cfg
File: color.cfg 2007/01/18 v1.5 color configuration of teTeX/TeXLive
)
Package xcolor Info: Driver file: xetex.def on input line 225.
Package xcolor Info: Model `cmy' substituted by `cmy0' on input line 1337.
Package xcolor Info: Model `RGB' extended on input line 1353.
Package xcolor Info: Model `HTML' substituted by `rgb' on input line 1355.
Package xcolor Info: Model `Hsb' substituted by `hsb' on input line 1356.
Package xcolor Info: Model `tHsb' substituted by `hsb' on input line 1357.
Package xcolor Info: Model `HSB' substituted by `hsb' on input line 1358.
Package xcolor Info: Model `Gray' substituted by `gray' on input line 1359.
Package xcolor Info: Model `wave' substituted by `hsb' on input line 1360.
)
(C:\,\tex\latex\sidecap\sidecap.sty
Package: sidecap 2003/06/06 v1.6f SideCap Package (RN/HjG)
 (C:\,\tex\latex\base\ifthen.sty
Package: ifthen 2001/05/26 v1.1c Standard LaTeX ifthen package (DPC)
)
\SC@BOXWD=\dimen179
\SC@CAPWD=\dimen180
\SC@tempdima=\dimen181
\SC@tempdimb=\dimen182
\c@SC@C=\count172
\SC@BOX=\box72
)
(C:\,\tex\latex\pgf\frontendlayer\tikz.sty
(C:\,\tex\latex\pgf\basiclayer\pgf.sty (C:\,\tex\latex\pgf\utilities\pgfrcs.sty
(C:\,\tex\generic\pgf\utilities\pgfutil-common.tex
\pgfutil@everybye=\toks28
\pgfutil@tempdima=\dimen183
\pgfutil@tempdimb=\dimen184

(C:\,\tex\generic\pgf\utilities\pgfutil-common-lists.tex))
(C:\,\tex\generic\pgf\utilities\pgfutil-latex.def
\pgfutil@abb=\box73

(C:\,\tex\latex\ms\everyshi.sty
Package: everyshi 2001/05/15 v3.00 EveryShipout Package (MS)
))
(C:\,\tex\generic\pgf\utilities\pgfrcs.code.tex
Package: pgfrcs 2013/12/20 v3.0.0 (rcs-revision 1.28)
))
Package: pgf 2013/12/18 v3.0.0 (rcs-revision 1.14)

(C:\,\tex\latex\pgf\basiclayer\pgfcore.sty
(C:\,\tex\latex\pgf\systemlayer\pgfsys.sty
(C:\,\tex\generic\pgf\systemlayer\pgfsys.code.tex
Package: pgfsys 2013/11/30 v3.0.0 (rcs-revision 1.47)

(C:\,\tex\generic\pgf\utilities\pgfkeys.code.tex
\pgfkeys@pathtoks=\toks29
\pgfkeys@temptoks=\toks30

(C:\,\tex\generic\pgf\utilities\pgfkeysfiltered.code.tex
\pgfkeys@tmptoks=\toks31
))
\pgf@x=\dimen185
\pgf@y=\dimen186
\pgf@xa=\dimen187
\pgf@ya=\dimen188
\pgf@xb=\dimen189
\pgf@yb=\dimen190
\pgf@xc=\dimen191
\pgf@yc=\dimen192
\w@pgf@writea=\write3
\r@pgf@reada=\read2
\c@pgf@counta=\count173
\c@pgf@countb=\count174
\c@pgf@countc=\count175
\c@pgf@countd=\count176
\t@pgf@toka=\toks32
\t@pgf@tokb=\toks33
\t@pgf@tokc=\toks34

(C:\,\tex\generic\pgf\systemlayer\pgf.cfg
File: pgf.cfg 2008/05/14  (rcs-revision 1.7)
)
Driver file for pgf: pgfsys-xetex.def

(C:\,\tex\generic\pgf\systemlayer\pgfsys-xetex.def
File: pgfsys-xetex.def 2013/07/16  (rcs-revision 1.9)

(C:\,\tex\generic\pgf\systemlayer\pgfsys-dvipdfmx.def
File: pgfsys-dvipdfmx.def 2013/08/28  (rcs-revision 1.12)

(C:\,\tex\generic\pgf\systemlayer\pgfsys-common-pdf.def
File: pgfsys-common-pdf.def 2013/10/10  (rcs-revision 1.13)
)
\pgfsys@objnum=\count177
)))
(C:\,\tex\generic\pgf\systemlayer\pgfsyssoftpath.code.tex
File: pgfsyssoftpath.code.tex 2013/09/09  (rcs-revision 1.9)
\pgfsyssoftpath@smallbuffer@items=\count178
\pgfsyssoftpath@bigbuffer@items=\count179
)
(C:\,\tex\generic\pgf\systemlayer\pgfsysprotocol.code.tex
File: pgfsysprotocol.code.tex 2006/10/16  (rcs-revision 1.4)
))
(C:\,\tex\generic\pgf\basiclayer\pgfcore.code.tex
Package: pgfcore 2010/04/11 v3.0.0 (rcs-revision 1.7)

(C:\,\tex\generic\pgf\math\pgfmath.code.tex
(C:\,\tex\generic\pgf\math\pgfmathcalc.code.tex
(C:\,\tex\generic\pgf\math\pgfmathutil.code.tex)
(C:\,\tex\generic\pgf\math\pgfmathparser.code.tex
\pgfmath@dimen=\dimen193
\pgfmath@count=\count180
\pgfmath@box=\box74
\pgfmath@toks=\toks35
\pgfmath@stack@operand=\toks36
\pgfmath@stack@operation=\toks37
)
(C:\,\tex\generic\pgf\math\pgfmathfunctions.code.tex
(C:\,\tex\generic\pgf\math\pgfmathfunctions.basic.code.tex)
(C:\,\tex\generic\pgf\math\pgfmathfunctions.trigonometric.code.tex)
(C:\,\tex\generic\pgf\math\pgfmathfunctions.random.code.tex)
(C:\,\tex\generic\pgf\math\pgfmathfunctions.comparison.code.tex)
(C:\,\tex\generic\pgf\math\pgfmathfunctions.base.code.tex)
(C:\,\tex\generic\pgf\math\pgfmathfunctions.round.code.tex)
(C:\,\tex\generic\pgf\math\pgfmathfunctions.misc.code.tex)
(C:\,\tex\generic\pgf\math\pgfmathfunctions.integerarithmetics.code.tex)))
(C:\,\tex\generic\pgf\math\pgfmathfloat.code.tex
\c@pgfmathroundto@lastzeros=\count181
))
(C:\,\tex\generic\pgf\basiclayer\pgfcorepoints.code.tex
File: pgfcorepoints.code.tex 2013/10/07  (rcs-revision 1.27)
\pgf@picminx=\dimen194
\pgf@picmaxx=\dimen195
\pgf@picminy=\dimen196
\pgf@picmaxy=\dimen197
\pgf@pathminx=\dimen198
\pgf@pathmaxx=\dimen199
\pgf@pathminy=\dimen200
\pgf@pathmaxy=\dimen201
Normal \dimen register pool exhausted, switching to extended pool.
\pgf@xx=\dimen256
\pgf@xy=\dimen257
\pgf@yx=\dimen258
\pgf@yy=\dimen259
\pgf@zx=\dimen260
\pgf@zy=\dimen261
)
(C:\,\tex\generic\pgf\basiclayer\pgfcorepathconstruct.code.tex
File: pgfcorepathconstruct.code.tex 2013/10/07  (rcs-revision 1.29)
\pgf@path@lastx=\dimen262
\pgf@path@lasty=\dimen263
)
(C:\,\tex\generic\pgf\basiclayer\pgfcorepathusage.code.tex
File: pgfcorepathusage.code.tex 2013/12/13  (rcs-revision 1.23)
\pgf@shorten@end@additional=\dimen264
\pgf@shorten@start@additional=\dimen265
)
(C:\,\tex\generic\pgf\basiclayer\pgfcorescopes.code.tex
File: pgfcorescopes.code.tex 2013/10/09  (rcs-revision 1.44)
\pgfpic=\box75
\pgf@hbox=\box76
\pgf@layerbox@main=\box77
\pgf@picture@serial@count=\count182
)
(C:\,\tex\generic\pgf\basiclayer\pgfcoregraphicstate.code.tex
File: pgfcoregraphicstate.code.tex 2013/09/19  (rcs-revision 1.11)
\pgflinewidth=\dimen266
)
(C:\,\tex\generic\pgf\basiclayer\pgfcoretransformations.code.tex
File: pgfcoretransformations.code.tex 2013/10/10  (rcs-revision 1.17)
\pgf@pt@x=\dimen267
\pgf@pt@y=\dimen268
\pgf@pt@temp=\dimen269
)
(C:\,\tex\generic\pgf\basiclayer\pgfcorequick.code.tex
File: pgfcorequick.code.tex 2008/10/09  (rcs-revision 1.3)
)
(C:\,\tex\generic\pgf\basiclayer\pgfcoreobjects.code.tex
File: pgfcoreobjects.code.tex 2006/10/11  (rcs-revision 1.2)
)
(C:\,\tex\generic\pgf\basiclayer\pgfcorepathprocessing.code.tex
File: pgfcorepathprocessing.code.tex 2013/09/09  (rcs-revision 1.9)
)
(C:\,\tex\generic\pgf\basiclayer\pgfcorearrows.code.tex
File: pgfcorearrows.code.tex 2013/11/07  (rcs-revision 1.40)
\pgfarrowsep=\dimen270
)
(C:\,\tex\generic\pgf\basiclayer\pgfcoreshade.code.tex
File: pgfcoreshade.code.tex 2013/07/15  (rcs-revision 1.15)
\pgf@max=\dimen271
\pgf@sys@shading@range@num=\count183
)
(C:\,\tex\generic\pgf\basiclayer\pgfcoreimage.code.tex
File: pgfcoreimage.code.tex 2013/07/15  (rcs-revision 1.18)

(C:\,\tex\generic\pgf\basiclayer\pgfcoreexternal.code.tex
File: pgfcoreexternal.code.tex 2013/07/15  (rcs-revision 1.20)
\pgfexternal@startupbox=\box78
))
(C:\,\tex\generic\pgf\basiclayer\pgfcorelayers.code.tex
File: pgfcorelayers.code.tex 2013/07/18  (rcs-revision 1.7)
)
(C:\,\tex\generic\pgf\basiclayer\pgfcoretransparency.code.tex
File: pgfcoretransparency.code.tex 2013/09/30  (rcs-revision 1.5)
)
(C:\,\tex\generic\pgf\basiclayer\pgfcorepatterns.code.tex
File: pgfcorepatterns.code.tex 2013/11/07  (rcs-revision 1.5)
)))
(C:\,\tex\generic\pgf\modules\pgfmoduleshapes.code.tex
File: pgfmoduleshapes.code.tex 2013/10/31  (rcs-revision 1.34)
\pgfnodeparttextbox=\box79
)
(C:\,\tex\generic\pgf\modules\pgfmoduleplot.code.tex
File: pgfmoduleplot.code.tex 2013/07/31  (rcs-revision 1.12)
)
(C:\,\tex\latex\pgf\compatibility\pgfcomp-version-0-65.sty
Package: pgfcomp-version-0-65 2007/07/03 v3.0.0 (rcs-revision 1.7)
\pgf@nodesepstart=\dimen272
\pgf@nodesepend=\dimen273
)
(C:\,\tex\latex\pgf\compatibility\pgfcomp-version-1-18.sty
Package: pgfcomp-version-1-18 2007/07/23 v3.0.0 (rcs-revision 1.1)
))
(C:\,\tex\latex\pgf\utilities\pgffor.sty
(C:\,\tex\latex\pgf\utilities\pgfkeys.sty
(C:\,\tex\generic\pgf\utilities\pgfkeys.code.tex))
(C:\,\tex\latex\pgf\math\pgfmath.sty
(C:\,\tex\generic\pgf\math\pgfmath.code.tex))
(C:\,\tex\generic\pgf\utilities\pgffor.code.tex
Package: pgffor 2013/12/13 v3.0.0 (rcs-revision 1.25)

(C:\,\tex\generic\pgf\math\pgfmath.code.tex)
\pgffor@iter=\dimen274
\pgffor@skip=\dimen275
\pgffor@stack=\toks38
\pgffor@toks=\toks39
))
(C:\,\tex\generic\pgf\frontendlayer\tikz\tikz.code.tex
Package: tikz 2013/12/13 v3.0.0 (rcs-revision 1.142)

(C:\,\tex\generic\pgf\libraries\pgflibraryplothandlers.code.tex
File: pgflibraryplothandlers.code.tex 2013/08/31 v3.0.0 (rcs-revision 1.20)
\pgf@plot@mark@count=\count184
\pgfplotmarksize=\dimen276
)
\tikz@lastx=\dimen277
\tikz@lasty=\dimen278
\tikz@lastxsaved=\dimen279
\tikz@lastysaved=\dimen280
\tikzleveldistance=\dimen281
\tikzsiblingdistance=\dimen282
\tikz@figbox=\box80
\tikz@figbox@bg=\box81
\tikz@tempbox=\box82
\tikz@tempbox@bg=\box83
\tikztreelevel=\count185
\tikznumberofchildren=\count186
\tikznumberofcurrentchild=\count187
\tikz@fig@count=\count188

(C:\,\tex\generic\pgf\modules\pgfmodulematrix.code.tex
File: pgfmodulematrix.code.tex 2013/09/17  (rcs-revision 1.8)
\pgfmatrixcurrentrow=\count189
\pgfmatrixcurrentcolumn=\count190
\pgf@matrix@numberofcolumns=\count191
)
\tikz@expandcount=\count192

(C:\,\tex\generic\pgf\frontendlayer\tikz\libraries\tikzlibrarytopaths.code.tex
File: tikzlibrarytopaths.code.tex 2008/06/17 v3.0.0 (rcs-revision 1.2)
))) (C:\Users\SEC\Documents\LaTeX\DeepLearning\Book\ClassicNotes\epigraph.sty
Package: epigraph 2002/10/22 v1.5a typesetting epigraphs
\beforeepigraphskip=\skip57
\afterepigraphskip=\skip58
\epigraphwidth=\skip59
\epigraphrule=\skip60
)
LaTeX Font Info:    Try loading font information for T1+ppl on input line 87.

(C:\,\tex\latex\psnfss\t1ppl.fd
File: t1ppl.fd 2001/06/04 font definitions for T1/ppl.
)
(C:\Users\SEC\Documents\LaTeX\DeepLearning\Book\ClassicNotes\CreativeCommons.st
y
\imarg=\skip61
\parw=\skip62
) (C:\,\tex\latex\listings\listings.sty
\lst@mode=\count193
\lst@gtempboxa=\box84
\lst@token=\toks40
\lst@length=\count194
\lst@currlwidth=\dimen283
\lst@column=\count195
\lst@pos=\count196
\lst@lostspace=\dimen284
\lst@width=\dimen285
\lst@newlines=\count197
\lst@lineno=\count198
\lst@maxwidth=\dimen286
 (C:\,\tex\latex\listings\lstmisc.sty
File: lstmisc.sty 2014/09/06 1.5e (Carsten Heinz)
\c@lstnumber=\count199
\lst@skipnumbers=\count200
\lst@framebox=\box85
)
(C:\,\tex\latex\listings\listings.cfg
File: listings.cfg 2014/09/06 1.5e listings configuration
))
Package: listings 2014/09/06 1.5e (Carsten Heinz)
 (C:\,\tex\latex\listings\lstlang1.sty
File: lstlang1.sty 2014/09/06 1.5e listings language file
)
(C:\Users\SEC\Documents\LaTeX\DeepLearning\Book\ClassicNotes\ClassicLectureNote
s.aux)
LaTeX Font Info:    Checking defaults for OML/cmm/m/it on input line 213.
LaTeX Font Info:    ... okay on input line 213.
LaTeX Font Info:    Checking defaults for T1/cmr/m/n on input line 213.
LaTeX Font Info:    ... okay on input line 213.
LaTeX Font Info:    Checking defaults for OT1/cmr/m/n on input line 213.
LaTeX Font Info:    ... okay on input line 213.
LaTeX Font Info:    Checking defaults for OMS/cmsy/m/n on input line 213.
LaTeX Font Info:    ... okay on input line 213.
LaTeX Font Info:    Checking defaults for OMX/cmex/m/n on input line 213.
LaTeX Font Info:    ... okay on input line 213.
LaTeX Font Info:    Checking defaults for U/cmr/m/n on input line 213.
LaTeX Font Info:    ... okay on input line 213.
LaTeX Font Info:    Checking defaults for PD1/pdf/m/n on input line 213.
LaTeX Font Info:    ... okay on input line 213.
LaTeX Font Info:    Checking defaults for PU/pdf/m/n on input line 213.
LaTeX Font Info:    ... okay on input line 213.
LaTeX Font Info:    Checking defaults for EU1/lmr/m/n on input line 213.
LaTeX Font Info:    ... okay on input line 213.
LaTeX Font Info:    Checking defaults for T3/cmr/m/n on input line 213.
LaTeX Font Info:    Try loading font information for T3+cmr on input line 213.
 (C:\,\tex\latex\tipa\t3cmr.fd
File: t3cmr.fd 2001/12/31 TIPA font definitions
)
LaTeX Font Info:    ... okay on input line 213.
\AtBeginShipoutBox=\box86
Package hyperref Info: Link coloring ON on input line 213.
 (C:\,\tex\latex\hyperref\nameref.sty
Package: nameref 2012/10/27 v2.43 Cross-referencing by name of section

(C:\,\tex\generic\oberdiek\gettitlestring.sty
Package: gettitlestring 2010/12/03 v1.4 Cleanup title references (HO)
)
\c@section@level=\count201
)
LaTeX Info: Redefining \ref on input line 213.
LaTeX Info: Redefining \pageref on input line 213.
LaTeX Info: Redefining \nameref on input line 213.

(C:\Users\SEC\Documents\LaTeX\DeepLearning\Book\ClassicNotes\ClassicLectureNote
s.out)
(C:\Users\SEC\Documents\LaTeX\DeepLearning\Book\ClassicNotes\ClassicLectureNote
s.out)
\@outlinefile=\write4

*** you should *not* be loading the inputenc package
*** XeTeX expects the source to be in UTF8 encoding
*** some features of other encodings may conflict, resulting in poor output.
.................................................
. fontspec info: "setup-math"
. 
. Adjusting the maths setup (use [no-math] to avoid this).
.................................................
\symlegacymaths=\mathgroup4
LaTeX Font Info:    Overwriting symbol font `legacymaths' in version `bold'
(Font)                  OT1/cmr/m/n --> OT1/cmr/bx/n on input line 213.
LaTeX Font Info:    Redeclaring math accent \acute on input line 213.
LaTeX Font Info:    Redeclaring math accent \grave on input line 213.
LaTeX Font Info:    Redeclaring math accent \ddot on input line 213.
LaTeX Font Info:    Redeclaring math accent \tilde on input line 213.
LaTeX Font Info:    Redeclaring math accent \bar on input line 213.
LaTeX Font Info:    Redeclaring math accent \breve on input line 213.
LaTeX Font Info:    Redeclaring math accent \check on input line 213.
LaTeX Font Info:    Redeclaring math accent \hat on input line 213.
LaTeX Font Info:    Redeclaring math accent \dot on input line 213.
LaTeX Font Info:    Redeclaring math accent \mathring on input line 213.
LaTeX Font Info:    Redeclaring math symbol \Gamma on input line 213.
LaTeX Font Info:    Redeclaring math symbol \Delta on input line 213.
LaTeX Font Info:    Redeclaring math symbol \Theta on input line 213.
LaTeX Font Info:    Redeclaring math symbol \Lambda on input line 213.
LaTeX Font Info:    Redeclaring math symbol \Xi on input line 213.
LaTeX Font Info:    Redeclaring math symbol \Pi on input line 213.
LaTeX Font Info:    Redeclaring math symbol \Sigma on input line 213.
LaTeX Font Info:    Redeclaring math symbol \Upsilon on input line 213.
LaTeX Font Info:    Redeclaring math symbol \Phi on input line 213.
LaTeX Font Info:    Redeclaring math symbol \Psi on input line 213.
LaTeX Font Info:    Redeclaring math symbol \Omega on input line 213.
LaTeX Font Info:    Redeclaring math symbol \mathdollar on input line 213.
LaTeX Font Info:    Redeclaring symbol font `operators' on input line 213.
LaTeX Font Info:    Encoding `OT1' has changed to `EU1' for symbol font
(Font)              `operators' in the math version `normal' on input line 213.

LaTeX Font Info:    Overwriting symbol font `operators' in version `normal'
(Font)                  OT1/cmr/m/n --> EU1/TeXGyrePagella(0)/m/n on input line
 213.
LaTeX Font Info:    Encoding `OT1' has changed to `EU1' for symbol font
(Font)              `operators' in the math version `bold' on input line 213.
LaTeX Font Info:    Overwriting symbol font `operators' in version `bold'
(Font)                  OT1/cmr/bx/n --> EU1/TeXGyrePagella(0)/m/n on input lin
e 213.
LaTeX Font Info:    Overwriting symbol font `operators' in version `normal'
(Font)                  EU1/TeXGyrePagella(0)/m/n --> EU1/TeXGyrePagella(0)/m/n
 on input line 213.
LaTeX Font Info:    Overwriting math alphabet `\mathrm' in version `normal'
(Font)                  EU1/TeXGyrePagella(0)/m/n --> EU1/TeXGyrePagella(0)/m/n
 on input line 213.
LaTeX Font Info:    Overwriting math alphabet `\mathit' in version `normal'
(Font)                  OT1/cmr/m/it --> EU1/TeXGyrePagella(0)/m/it on input li
ne 213.
LaTeX Font Info:    Overwriting math alphabet `\mathbf' in version `normal'
(Font)                  OT1/cmr/bx/n --> EU1/TeXGyrePagella(0)/bx/n on input li
ne 213.
LaTeX Font Info:    Overwriting math alphabet `\mathsf' in version `normal'
(Font)                  OT1/cmss/m/n --> EU1/lmss/m/n on input line 213.
LaTeX Font Info:    Overwriting math alphabet `\mathtt' in version `normal'
(Font)                  OT1/cmtt/m/n --> EU1/lmtt/m/n on input line 213.
LaTeX Font Info:    Overwriting symbol font `operators' in version `bold'
(Font)                  EU1/TeXGyrePagella(0)/m/n --> EU1/TeXGyrePagella(0)/bx/
n on input line 213.
LaTeX Font Info:    Overwriting math alphabet `\mathrm' in version `bold'
(Font)                  EU1/TeXGyrePagella(0)/m/n --> EU1/TeXGyrePagella(0)/bx/
n on input line 213.
LaTeX Font Info:    Overwriting math alphabet `\mathit' in version `bold'
(Font)                  OT1/cmr/bx/it --> EU1/TeXGyrePagella(0)/bx/it on input 
line 213.
LaTeX Font Info:    Overwriting math alphabet `\mathsf' in version `bold'
(Font)                  OT1/cmss/bx/n --> EU1/lmss/bx/n on input line 213.
LaTeX Font Info:    Overwriting math alphabet `\mathtt' in version `bold'
(Font)                  OT1/cmtt/m/n --> EU1/lmtt/bx/n on input line 213.
*geometry* detected driver: pdftex
*geometry* verbose mode - [ preamble ] result:
* driver: pdftex
* paper: a4paper
* layout: <same size as paper>
* layoutoffset:(h,v)=(0.0pt,0.0pt)
* bindingoffset: 14.45377pt
* modes: 
* h-part:(L,W,R)=(83.11005pt, 416.83401pt, 83.11005pt)
* v-part:(T,H,B)=(108.405pt, 664.37186pt, 72.26999pt)
* \paperwidth=597.50787pt
* \paperheight=845.04684pt
* \textwidth=416.83401pt
* \textheight=664.37186pt
* \oddsidemargin=25.29382pt
* \evensidemargin=10.84006pt
* \topmargin=-0.86499pt
* \headheight=12.0pt
* \headsep=25.0pt
* \topskip=12.0pt
* \footskip=18.06749pt
* \marginparwidth=35.0pt
* \marginparsep=10.0pt
* \columnsep=10.0pt
* \skip\footins=10.8pt plus 4.0pt minus 2.0pt
* \hoffset=0.0pt
* \voffset=0.0pt
* \mag=1000
* \@twocolumnfalse
* \@twosidefalse
* \@mparswitchfalse
* \@reversemarginfalse
* (1in=72.27pt=25.4mm, 1cm=28.453pt)

(C:\,\tex\latex\ms\ragged2e.sty
Package: ragged2e 2009/05/21 v2.1 ragged2e Package (MS)
 (C:\,\tex\latex\ms\everysel.sty
Package: everysel 2011/10/28 v1.2 EverySelectfont Package (MS)

ABD: EverySelectfont initializing macros
LaTeX Info: Redefining \selectfont on input line 126.
)
\CenteringLeftskip=\skip63
\RaggedLeftLeftskip=\skip64
\RaggedRightLeftskip=\skip65
\CenteringRightskip=\skip66
\RaggedLeftRightskip=\skip67
\RaggedRightRightskip=\skip68
\CenteringParfillskip=\skip69
\RaggedLeftParfillskip=\skip70
\RaggedRightParfillskip=\skip71
\JustifyingParfillskip=\skip72
\CenteringParindent=\skip73
\RaggedLeftParindent=\skip74
\RaggedRightParindent=\skip75
\JustifyingParindent=\skip76
)
ABD: EveryShipout initializing macros
Normal \count register pool exhausted, switching to extended pool.
\c@lstlisting=\count277
File: ./images/DeepLearning.jpg Graphic file (type QTm)
 <use  "./images/DeepLearning.jpg" >
LaTeX Font Info:    Try loading font information for EU1+lmtt on input line 235
.

(C:\,\tex\latex\euenc\eu1lmtt.fd
File: eu1lmtt.fd 2009/10/30 v1.6 Font defs for Latin Modern
)
Overfull \hbox (2.42549pt too wide) in paragraph at lines 235--235
 []\EU1/lmtt/m/n/14.4 k.hemant@samsung.com
 []

(C:\,\tex\generic\oberdiek\se-ascii-print.def
File: se-ascii-print.def 2011/12/02 v1.10 stringenc: Printable ASCII characters

) [1

]

LaTeX Warning: Command \copyright invalid in math mode on input line 265.

[2] [3]
File: ./images/deep-learning-eu.jpg Graphic file (type QTm)
 <use  "./images/deep-learning-eu.jpg" > [4]
Overfull \hbox (2.30872pt too wide) in paragraph at lines 322--325
\EU1/TeXGyrePagella(0)/bx/n/12 Kumar Hemant, Neural Networks and Deep Learning
, ePrint 2016/v2.0 
 []

File: ./images/ccl.png Graphic file (type QTm)
<use  "./images/ccl.png" > [5]
(C:\Users\SEC\Documents\LaTeX\DeepLearning\Book\ClassicNotes\ClassicLectureNote
s.toc [6

])
\tf@toc=\write5
 [7]
Chapter 1.

Package hyperref Warning: Token not allowed in a PDF string (Unicode):
(hyperref)                removing `\@ifnextchar' on input line 368.


Overfull \hbox (6.49399pt too wide) in paragraph at lines 372--373
\EU1/TeXGyrePagella(0)/m/n/12 didnt know how to train neural networks to surpa
ss more traditional approaches,
 []

[8

] [9] [10]
Chapter 2.

Package hyperref Warning: Token not allowed in a PDF string (Unicode):
(hyperref)                removing `\@ifnextchar' on input line 394.

File: images/digits.png Graphic file (type QTm)
<use  "images/digits.png" >
File: images/mnist_100_digits.png Graphic file (type QTm)
 <use  "images/mnist_100_digits.png" > [11

] [12]
File: images/tikz0.png Graphic file (type QTm)

<use  "images/tikz0.png" > [13]
Overfull \hbox (6.41002pt too wide) in paragraph at lines 454--455
[]\EU1/TeXGyrePagella(0)/m/n/12 By varying the weights and the threshold, we ca
n get different models of decision-
 []

[14]
File: images/tikz1.png Graphic file (type QTm)
 <use  "images/tikz1.png" > [15]
File: images/tikz2.png Graphic file (type QTm)
 <use  "images/tikz2.png" >
File: images/tikz3.png Graphic file (type QTm)

<use  "images/tikz3.png" > [16]
File: images/tikz4.png Graphic file (type QTm)
 <use  "images/tikz4.png" >
File: images/tikz5.png Graphic file (type QTm)

<use  "images/tikz5.png" >
File: images/tikz6.png Graphic file (type QTm)
 <use  "images/tikz6.png" > [17]
File: images/tikz7.png Graphic file (type QTm)

<use  "images/tikz7.png" > [18]
File: images/tikz8.png Graphic file (type QTm)
 <use  "images/tikz8.png" > [19]
File: images/tikz9.png Graphic file (type QTm)

<use  "images/tikz9.png" >
Missing character: There is no  in font TeX Gyre Pagella/OT:script=latn;langua
ge=DFLT;mapping=tex-text;!
Missing character: There is no  in font cmmi12!
 [20]
File: images/sigmoid.png Graphic file (type QTm)
 <use  "images/sigmoid.png" >
File: images/step.png Graphic file (type QTm)

<use  "images/step.png" >
Missing character: There is no  in font cmmi12!
Missing character: There is no  in font cmmi12!
 [21]
Missing character: There is no  in font cmmi12!
 [22]
File: images/tikz10.png Graphic file (type QTm)
 <use  "images/tikz10.png" >
File: images/tikz11.png Graphic file (type QTm)

<use  "images/tikz11.png" > [23] [24]
File: images/digits.png Graphic file (type QTm)
 <use  "images/digits.png" >
File: images/digits_separate.png Graphic file (type QTm)

<use  "images/digits_separate.png" >
File: images/mnist_first_digit.png Graphic file (type QTm)
 <use  "images/mnist_first_digit.png" >
[25]
File: images/tikz12.png Graphic file (type QTm)
 <use  "images/tikz12.png" > [26]
File: images/mnist_top_left_feature.png Graphic file (type QTm)

<use  "images/mnist_top_left_feature.png" >
File: images/mnist_other_features.png Graphic file (type QTm)

<use  "images/mnist_other_features.png" >
File: images/mnist_complete_zero.png Graphic file (type QTm)

<use  "images/mnist_complete_zero.png" > [27]
File: images/tikz13.png Graphic file (type QTm)
 <use  "images/tikz13.png" >
[28]
File: images/digits_separate.png Graphic file (type QTm)
 <use  "images/digits_separate.png" > [29] [30]
File: images/valley.png Graphic file (type QTm)

<use  "images/valley.png" > [31] [32] [33]
File: images/valley_with_ball.png Graphic file (type QTm)

<use  "images/valley_with_ball.png" > [34] [35] [36] [37]
Overfull \hbox (0.91801pt too wide) in paragraph at lines 855--856
\EU1/TeXGyrePagella(0)/m/n/12 Then we choose another training input, and update
 the weights and biases again.
 []

[38]

Package Listings Warning: Text dropped after begin of listing on input line 866
.

[39] [40]
Missing character: There is no  in font TeX Gyre Pagella/OT:script=latn;langua
ge=DFLT;mapping=tex-text;!
Missing character: There is no  in font TeX Gyre Pagella/OT:script=latn;langua
ge=DFLT;mapping=tex-text;!
Missing character: There is no  in font TeX Gyre Pagella/OT:script=latn;langua
ge=DFLT;mapping=tex-text;!
 [41] [42] [43] [44] [45]
Overfull \hbox (21.9237pt too wide) in paragraph at lines 1104--1105
\EU1/TeXGyrePagella(0)/m/n/12 loading in the MNIST data. Ill do this using a l
ittle helper program, mnist_loader.py,
 []

[46]
Missing character: There is no  in font cmmi12!
 [47]
Missing character: There is no  in font cmmi12!
Missing character: There is no  in font cmmi12!
Missing character: There is no  in font cmmi12!
 [48] [49] [50]
File: images/mnist_2_and_1.png Graphic file (type QTm)
 <use  "images/mnist_2_and_1.png" > [51]
File: images/mnist_really_bad_images.png Graphic file (type QTm)

<use  "images/mnist_really_bad_images.png" > [52]
File: images/Kangaroo.jpg Graphic file (type QTm)

<use  "images/Kangaroo.jpg" >
File: images/Einstein_crop.jpg Graphic file (type QTm)
 <use  "images/Einstein_crop.jpg" >
File: images/hubble.jpg Graphic file (type QTm)

<use  "images/hubble.jpg" > [53]
File: images/tikz14.png Graphic file (type QTm)
 <use  "images/tikz14.png" >
File: images/tikz15.png Graphic file (type QTm)

<use  "images/tikz15.png" > [54]
Overfull \hbox (12.47304pt too wide) in paragraph at lines 1377--1378
[]\EU1/TeXGyrePagella(0)/m/n/12 Of course, I havent said how to do this recurs
ive decomposition into sub-networks.
 []

[55] [56]
Chapter 3.

Package hyperref Warning: Token not allowed in a PDF string (Unicode):
(hyperref)                removing `\@ifnextchar' on input line 1387.


Overfull \hbox (7.334pt too wide) in paragraph at lines 1393--1394
\EU1/TeXGyrePagella(0)/m/n/12 importance wasnt fully appreciated until [][]the
 famous 1986 paper[][] by [][]David Rumel-
 []

[57

]
File: images/tikz16.png Graphic file (type QTm)
 <use  "images/tikz16.png" >
File: images/tikz17.png Graphic file (type QTm)
 <use  "images/tikz17.png" > [58] [59]
Chapter 4.

Package hyperref Warning: Token not allowed in a PDF string (Unicode):
(hyperref)                removing `\@ifnextchar' on input line 1438.

[60

]
Chapter 5.

Package hyperref Warning: Token not allowed in a PDF string (Unicode):
(hyperref)                removing `\@ifnextchar' on input line 1444.

[61

]
Chapter 6.

Package hyperref Warning: Token not allowed in a PDF string (Unicode):
(hyperref)                removing `\@ifnextchar' on input line 1449.

[62

]
Chapter 7.

Package hyperref Warning: Token not allowed in a PDF string (Unicode):
(hyperref)                removing `\@ifnextchar' on input line 1454.

[63

]
Chapter 8.

Package hyperref Warning: Token not allowed in a PDF string (Unicode):
(hyperref)                removing `\@ifnextchar' on input line 1463.


Package hyperref Warning: Token not allowed in a PDF string (Unicode):
(hyperref)                removing `\@ifnextchar' on input line 1466.


Package hyperref Warning: Token not allowed in a PDF string (Unicode):
(hyperref)                removing `\@ifnextchar' on input line 1474.


Package hyperref Warning: Token not allowed in a PDF string (Unicode):
(hyperref)                removing `\@ifnextchar' on input line 1482.

[64

]
Chapter 9.

Package hyperref Warning: Token not allowed in a PDF string (Unicode):
(hyperref)                removing `\@ifnextchar' on input line 1493.


! LaTeX Error: Lonely \item--perhaps a missing list environment.

See the LaTeX manual or LaTeX Companion for explanation.
Type  H <return>  for immediate help.
 ...                                              
                                                  
l.1498 \bibitem{latexcompanion}
                               
? 

Underfull \hbox (badness 10000) detected at line 1498
[][]
 []

! Undefined control sequence.
<argument> \@listctr 
                     
l.1498 \bibitem{latexcompanion}
                               
? 
! You can't use `\relax' after \the.
<recently read> \c@ 
                    
l.1498 \bibitem{latexcompanion}
                               
? 

! LaTeX Error: Lonely \item--perhaps a missing list environment.

See the LaTeX manual or LaTeX Companion for explanation.
Type  H <return>  for immediate help.
 ...                                              
                                                  
l.1503 \bibitem{einstein}
                         
? 

Underfull \hbox (badness 10000) detected at line 1503
[][]
 []

! Undefined control sequence.
<argument> \@listctr 
                     
l.1503 \bibitem{einstein}
                         
? 
! You can't use `\relax' after \the.
<recently read> \c@ 
                    
l.1503 \bibitem{einstein}
                         
? 

! LaTeX Error: Lonely \item--perhaps a missing list environment.

See the LaTeX manual or LaTeX Companion for explanation.
Type  H <return>  for immediate help.
 ...                                              
                                                  
l.1509 \bibitem{knuthwebsite}
                             
? 

Underfull \hbox (badness 10000) detected at line 1509
[][]
 []

! Undefined control sequence.
<argument> \@listctr 
                     
l.1509 \bibitem{knuthwebsite}
                             
? 
! You can't use `\relax' after \the.
<recently read> \c@ 
                    
l.1509 \bibitem{knuthwebsite}
                             
? 
[65

]
Chapter 10.

Package hyperref Warning: Token not allowed in a PDF string (Unicode):
(hyperref)                removing `\@ifnextchar' on input line 1516.


! LaTeX Error: Can be used only in preamble.

See the LaTeX manual or LaTeX Companion for explanation.
Type  H <return>  for immediate help.
 ...                                              
                                                  
l.1519 \makeindex
                 [columns=3, title=Alphabetical Index]
? 

! Package imakeidx Error: Misplaced \printindex.

See the imakeidx package documentation for explanation.
Type  H <return>  for immediate help.
 ...                                              
                                                  
l.1525 
       
? 
[66

]
Package atveryend Info: Empty hook `BeforeClearDocument' on input line 1527.
Package atveryend Info: Empty hook `AfterLastShipout' on input line 1527.

(C:\Users\SEC\Documents\LaTeX\DeepLearning\Book\ClassicNotes\ClassicLectureNote
s.aux)
Package atveryend Info: Empty hook `AtVeryEndDocument' on input line 1527.
Package atveryend Info: Empty hook `AtEndAfterFileList' on input line 1527.
Package atveryend Info: Empty hook `AtVeryVeryEnd' on input line 1527.
 ) 
Here is how much of TeX's memory you used:
 35053 strings out of 429025
 646420 string characters out of 3171642
 1190556 words of memory out of 3000000
 37850 multiletter control sequences out of 15000+200000
 10271 words of font info for 78 fonts, out of 3000000 for 9000
 912 hyphenation exceptions out of 8191
 55i,11n,72p,10452b,2066s stack positions out of 5000i,500n,10000p,200000b,50000s

Output written on ClassicLectureNotes.pdf (66 pages).
